;  LST file generated by mikroListExporter - v.2.0 
; Date/Time: 30.5.2015 12:48:19
;----------------------------------------------

;Address Opcode 	ASM
0x0000	0x2BB9      	GOTO       953
_Interrupt:
0x0004	0x00FF      	MOVWF      R15
0x0005	0x0E03      	SWAPF      STATUS, 0
0x0006	0x0183      	CLRF       STATUS
0x0007	0x1683      	BSF        STATUS, 5
0x0008	0x00A6      	MOVWF      ___saveSTATUS
0x0009	0x080A      	MOVF       PCLATH, 0
0x000A	0x00A5      	MOVWF      ___savePCLATH
0x000B	0x018A      	CLRF       PCLATH
0x000C	0x0870      	MOVF       R0, 0
0x000D	0x1283      	BCF        STATUS, 5
0x000E	0x00A2      	MOVWF      34
0x000F	0x0871      	MOVF       R1, 0
0x0010	0x00A1      	MOVWF      33
0x0011	0x0872      	MOVF       R2, 0
0x0012	0x00A0      	MOVWF      32
;MotorSpeed&DirectionControl.c,76 :: 		void Interrupt(){
;MotorSpeed&DirectionControl.c,77 :: 		if(PIR1.RCIF){
0x0013	0x1E8C      	BTFSS      PIR1, 5
0x0014	0x2834      	GOTO       L_Interrupt4
;MotorSpeed&DirectionControl.c,80 :: 		uart_rd = UART1_Read();
0x0015	0x23AE      	CALL       _UART1_Read
0x0016	0x0870      	MOVF       R0, 0
0x0017	0x1683      	BSF        STATUS, 5
0x0018	0x00A2      	MOVWF      _uart_rd
;MotorSpeed&DirectionControl.c,83 :: 		PORTB.F3 = 1;
0x0019	0x1283      	BCF        STATUS, 5
0x001A	0x1586      	BSF        PORTB, 3
;MotorSpeed&DirectionControl.c,85 :: 		PORTB =  uart_rd & 0x80;
0x001B	0x3080      	MOVLW      128
0x001C	0x0570      	ANDWF      R0, 0
0x001D	0x0086      	MOVWF      PORTB
;MotorSpeed&DirectionControl.c,87 :: 		PORTB.F6 = ~PORTB.F7    ;
0x001E	0x1B86      	BTFSC      PORTB, 7
0x001F	0x2822      	GOTO       L__Interrupt15
0x0020	0x1706      	BSF        PORTB, 6
0x0021	0x2823      	GOTO       L__Interrupt16
L__Interrupt15:
0x0022	0x1306      	BCF        PORTB, 6
L__Interrupt16:
;MotorSpeed&DirectionControl.c,89 :: 		uart_rd = uart_rd & 0x7F;
0x0023	0x307F      	MOVLW      127
0x0024	0x0570      	ANDWF      R0, 0
0x0025	0x00F2      	MOVWF      R2
0x0026	0x0872      	MOVF       R2, 0
0x0027	0x1683      	BSF        STATUS, 5
0x0028	0x00A2      	MOVWF      _uart_rd
;MotorSpeed&DirectionControl.c,91 :: 		uart_rd =   uart_rd << 1;
0x0029	0x0872      	MOVF       R2, 0
0x002A	0x00F0      	MOVWF      R0
0x002B	0x0DF0      	RLF        R0, 1
0x002C	0x1070      	BCF        R0, 0
0x002D	0x0870      	MOVF       R0, 0
0x002E	0x00A2      	MOVWF      _uart_rd
;MotorSpeed&DirectionControl.c,93 :: 		pwm = uart_rd;
0x002F	0x0870      	MOVF       R0, 0
0x0030	0x1283      	BCF        STATUS, 5
0x0031	0x00A6      	MOVWF      _pwm
0x0032	0x01A7      	CLRF       _pwm+1
;MotorSpeed&DirectionControl.c,94 :: 		PORTB.F3 = 0;
0x0033	0x1186      	BCF        PORTB, 3
;MotorSpeed&DirectionControl.c,95 :: 		}
L_Interrupt4:
;MotorSpeed&DirectionControl.c,96 :: 		}
L_end_Interrupt:
L__Interrupt14:
0x0034	0x0822      	MOVF       34, 0
0x0035	0x00F0      	MOVWF      R0
0x0036	0x0821      	MOVF       33, 0
0x0037	0x00F1      	MOVWF      R1
0x0038	0x0820      	MOVF       32, 0
0x0039	0x00F2      	MOVWF      R2
0x003A	0x1683      	BSF        STATUS, 5
0x003B	0x0825      	MOVF       ___savePCLATH, 0
0x003C	0x008A      	MOVWF      PCLATH
0x003D	0x0E26      	SWAPF      ___saveSTATUS, 0
0x003E	0x0083      	MOVWF      STATUS
0x003F	0x0EFF      	SWAPF      R15, 1
0x0040	0x0E7F      	SWAPF      R15, 0
0x0041	0x0009      	RETFIE
; end of _Interrupt
_Div_16x16_U:
;__Lib_Math.c,215 :: 		
;__Lib_Math.c,222 :: 		
0x0042	0x1283      	BCF        STATUS, 5
;__Lib_Math.c,223 :: 		
0x0043	0x1303      	BCF        STATUS, 6
;__Lib_Math.c,224 :: 		
0x0044	0x01F8      	CLRF       R8
;__Lib_Math.c,225 :: 		
0x0045	0x01F9      	CLRF       R9
;__Lib_Math.c,226 :: 		
0x0046	0x3010      	MOVLW      16
;__Lib_Math.c,227 :: 		
0x0047	0x00FC      	MOVWF      R12
;__Lib_Math.c,228 :: 		
0x0048	0x0D71      	RLF        R1, 0
;__Lib_Math.c,229 :: 		
0x0049	0x0DF8      	RLF        R8, 1
;__Lib_Math.c,230 :: 		
0x004A	0x0DF9      	RLF        R9, 1
;__Lib_Math.c,231 :: 		
0x004B	0x0874      	MOVF       R4, 0
;__Lib_Math.c,232 :: 		
0x004C	0x02F8      	SUBWF      R8, 1
;__Lib_Math.c,233 :: 		
0x004D	0x0875      	MOVF       R5, 0
;__Lib_Math.c,234 :: 		
0x004E	0x1C03      	BTFSS      STATUS, 0
;__Lib_Math.c,235 :: 		
0x004F	0x0F75      	INCFSZ     R5, 0
;__Lib_Math.c,236 :: 		
0x0050	0x02F9      	SUBWF      R9, 1
;__Lib_Math.c,237 :: 		
0x0051	0x1803      	BTFSC      STATUS, 0
;__Lib_Math.c,238 :: 		
0x0052	0x285A      	GOTO       $+8
;__Lib_Math.c,239 :: 		
0x0053	0x0874      	MOVF       R4, 0
;__Lib_Math.c,240 :: 		
0x0054	0x07F8      	ADDWF      R8, 1
;__Lib_Math.c,241 :: 		
0x0055	0x0875      	MOVF       R5, 0
;__Lib_Math.c,242 :: 		
0x0056	0x1803      	BTFSC      STATUS, 0
;__Lib_Math.c,243 :: 		
0x0057	0x0F75      	INCFSZ     R5, 0
;__Lib_Math.c,244 :: 		
0x0058	0x07F9      	ADDWF      R9, 1
;__Lib_Math.c,245 :: 		
0x0059	0x1003      	BCF        STATUS, 0
;__Lib_Math.c,246 :: 		
0x005A	0x0DF0      	RLF        R0, 1
;__Lib_Math.c,247 :: 		
0x005B	0x0DF1      	RLF        R1, 1
;__Lib_Math.c,248 :: 		
0x005C	0x0BFC      	DECFSZ     R12, 1
;__Lib_Math.c,249 :: 		
0x005D	0x2848      	GOTO       $-21
;__Lib_Math.c,251 :: 		
L_end_Div_16x16_U:
0x005E	0x0008      	RETURN
; end of _Div_16x16_U
_UART1_Write:
;__Lib_UART_c67.c,39 :: 		
;__Lib_UART_c67.c,40 :: 		
L_UART1_Write3:
0x005F	0x1683      	BSF        STATUS, 5
0x0060	0x1303      	BCF        STATUS, 6
0x0061	0x1898      	BTFSC      TXSTA, 1
0x0062	0x2865      	GOTO       L_UART1_Write4
;__Lib_UART_c67.c,41 :: 		
0x0063	0x0000      	NOP
0x0064	0x285F      	GOTO       L_UART1_Write3
L_UART1_Write4:
;__Lib_UART_c67.c,42 :: 		
0x0065	0x0836      	MOVF       FARG_UART1_Write_data_, 0
0x0066	0x1283      	BCF        STATUS, 5
0x0067	0x0099      	MOVWF      TXREG
;__Lib_UART_c67.c,43 :: 		
L_end_UART1_Write:
0x0068	0x0008      	RETURN
; end of _UART1_Write
_WordToStr:
;__Lib_Conversions.c,84 :: 		
;__Lib_Conversions.c,89 :: 		
0x0069	0x1683      	BSF        STATUS, 5
0x006A	0x1303      	BCF        STATUS, 6
0x006B	0x01B9      	CLRF       WordToStr_len_L0
L_WordToStr6:
0x006C	0x3005      	MOVLW      5
0x006D	0x0239      	SUBWF      WordToStr_len_L0, 0
0x006E	0x1803      	BTFSC      STATUS, 0
0x006F	0x2877      	GOTO       L_WordToStr7
;__Lib_Conversions.c,90 :: 		
0x0070	0x0839      	MOVF       WordToStr_len_L0, 0
0x0071	0x0738      	ADDWF      FARG_WordToStr_output, 0
0x0072	0x0084      	MOVWF      FSR
0x0073	0x3020      	MOVLW      32
0x0074	0x0080      	MOVWF      INDF
;__Lib_Conversions.c,89 :: 		
0x0075	0x0AB9      	INCF       WordToStr_len_L0, 1
;__Lib_Conversions.c,90 :: 		
0x0076	0x286C      	GOTO       L_WordToStr6
L_WordToStr7:
;__Lib_Conversions.c,91 :: 		
0x0077	0x0839      	MOVF       WordToStr_len_L0, 0
0x0078	0x0738      	ADDWF      FARG_WordToStr_output, 0
0x0079	0x0084      	MOVWF      FSR
0x007A	0x0180      	CLRF       INDF
0x007B	0x03B9      	DECF       WordToStr_len_L0, 1
;__Lib_Conversions.c,93 :: 		
L_WordToStr9:
;__Lib_Conversions.c,94 :: 		
0x007C	0x0839      	MOVF       WordToStr_len_L0, 0
0x007D	0x0738      	ADDWF      FARG_WordToStr_output, 0
0x007E	0x00BA      	MOVWF      FLOC__WordToStr
0x007F	0x300A      	MOVLW      10
0x0080	0x00F4      	MOVWF      R4
0x0081	0x01F5      	CLRF       R4+1
0x0082	0x0836      	MOVF       FARG_WordToStr_input, 0
0x0083	0x00F0      	MOVWF      R0
0x0084	0x0837      	MOVF       FARG_WordToStr_input+1, 0
0x0085	0x00F1      	MOVWF      R0+1
0x0086	0x2042      	CALL       _Div_16x16_U
0x0087	0x0878      	MOVF       R8, 0
0x0088	0x00F0      	MOVWF      R0
0x0089	0x0879      	MOVF       R8+1, 0
0x008A	0x00F1      	MOVWF      R0+1
0x008B	0x3030      	MOVLW      48
0x008C	0x07F0      	ADDWF      R0, 1
0x008D	0x1683      	BSF        STATUS, 5
0x008E	0x083A      	MOVF       FLOC__WordToStr, 0
0x008F	0x0084      	MOVWF      FSR
0x0090	0x0870      	MOVF       R0, 0
0x0091	0x0080      	MOVWF      INDF
;__Lib_Conversions.c,95 :: 		
0x0092	0x300A      	MOVLW      10
0x0093	0x00F4      	MOVWF      R4
0x0094	0x01F5      	CLRF       R4+1
0x0095	0x0836      	MOVF       FARG_WordToStr_input, 0
0x0096	0x00F0      	MOVWF      R0
0x0097	0x0837      	MOVF       FARG_WordToStr_input+1, 0
0x0098	0x00F1      	MOVWF      R0+1
0x0099	0x2042      	CALL       _Div_16x16_U
0x009A	0x0870      	MOVF       R0, 0
0x009B	0x1683      	BSF        STATUS, 5
0x009C	0x00B6      	MOVWF      FARG_WordToStr_input
0x009D	0x0871      	MOVF       R0+1, 0
0x009E	0x00B7      	MOVWF      FARG_WordToStr_input+1
;__Lib_Conversions.c,96 :: 		
0x009F	0x3000      	MOVLW      0
0x00A0	0x0671      	XORWF      R0+1, 0
0x00A1	0x1D03      	BTFSS      STATUS, 2
0x00A2	0x28A5      	GOTO       L__WordToStr109
0x00A3	0x3000      	MOVLW      0
0x00A4	0x0670      	XORWF      R0, 0
L__WordToStr109:
0x00A5	0x1D03      	BTFSS      STATUS, 2
0x00A6	0x28A8      	GOTO       L_WordToStr11
;__Lib_Conversions.c,97 :: 		
0x00A7	0x28AA      	GOTO       L_WordToStr10
L_WordToStr11:
;__Lib_Conversions.c,98 :: 		
0x00A8	0x03B9      	DECF       WordToStr_len_L0, 1
;__Lib_Conversions.c,99 :: 		
0x00A9	0x287C      	GOTO       L_WordToStr9
L_WordToStr10:
;__Lib_Conversions.c,100 :: 		
L_end_WordToStr:
0x00AA	0x0008      	RETURN
; end of _WordToStr
_UART1_Write_Text:
;__Lib_UART_c67.c,47 :: 		
;__Lib_UART_c67.c,48 :: 		
0x00AB	0x1683      	BSF        STATUS, 5
0x00AC	0x1303      	BCF        STATUS, 6
0x00AD	0x01AF      	CLRF       UART1_Write_Text_counter_L0
;__Lib_UART_c67.c,50 :: 		
0x00AE	0x082D      	MOVF       FARG_UART1_Write_Text_uart_text, 0
0x00AF	0x0084      	MOVWF      FSR
0x00B0	0x0800      	MOVF       INDF, 0
0x00B1	0x00AE      	MOVWF      UART1_Write_Text_data__L0
;__Lib_UART_c67.c,51 :: 		
L_UART1_Write_Text5:
0x00B2	0x082E      	MOVF       UART1_Write_Text_data__L0, 0
0x00B3	0x3A00      	XORLW      0
0x00B4	0x1903      	BTFSC      STATUS, 2
0x00B5	0x28C1      	GOTO       L_UART1_Write_Text6
;__Lib_UART_c67.c,52 :: 		
0x00B6	0x082E      	MOVF       UART1_Write_Text_data__L0, 0
0x00B7	0x00B6      	MOVWF      FARG_UART1_Write_data_
0x00B8	0x205F      	CALL       _UART1_Write
;__Lib_UART_c67.c,53 :: 		
0x00B9	0x1683      	BSF        STATUS, 5
0x00BA	0x0AAF      	INCF       UART1_Write_Text_counter_L0, 1
;__Lib_UART_c67.c,54 :: 		
0x00BB	0x082F      	MOVF       UART1_Write_Text_counter_L0, 0
0x00BC	0x072D      	ADDWF      FARG_UART1_Write_Text_uart_text, 0
0x00BD	0x0084      	MOVWF      FSR
0x00BE	0x0800      	MOVF       INDF, 0
0x00BF	0x00AE      	MOVWF      UART1_Write_Text_data__L0
;__Lib_UART_c67.c,55 :: 		
0x00C0	0x28B2      	GOTO       L_UART1_Write_Text5
L_UART1_Write_Text6:
;__Lib_UART_c67.c,56 :: 		
L_end_UART1_Write_Text:
0x00C1	0x0008      	RETURN
; end of _UART1_Write_Text
_IntToStr:
;__Lib_Conversions.c,146 :: 		
;__Lib_Conversions.c,152 :: 		
0x00C2	0x1683      	BSF        STATUS, 5
0x00C3	0x1303      	BCF        STATUS, 6
0x00C4	0x01B2      	CLRF       IntToStr_negative_L0
0x00C5	0x01B3      	CLRF       IntToStr_negative_L0+1
;__Lib_Conversions.c,153 :: 		
0x00C6	0x082D      	MOVF       FARG_IntToStr_input, 0
0x00C7	0x00B4      	MOVWF      IntToStr_inword_L0
0x00C8	0x082E      	MOVF       FARG_IntToStr_input+1, 0
0x00C9	0x00B5      	MOVWF      IntToStr_inword_L0+1
;__Lib_Conversions.c,154 :: 		
0x00CA	0x3080      	MOVLW      128
0x00CB	0x062E      	XORWF      FARG_IntToStr_input+1, 0
0x00CC	0x00F0      	MOVWF      R0
0x00CD	0x3080      	MOVLW      128
0x00CE	0x0270      	SUBWF      R0, 0
0x00CF	0x1D03      	BTFSS      STATUS, 2
0x00D0	0x28D3      	GOTO       L__IntToStr115
0x00D1	0x3000      	MOVLW      0
0x00D2	0x022D      	SUBWF      FARG_IntToStr_input, 0
L__IntToStr115:
0x00D3	0x1803      	BTFSC      STATUS, 0
0x00D4	0x28E1      	GOTO       L_IntToStr23
;__Lib_Conversions.c,155 :: 		
0x00D5	0x3001      	MOVLW      1
0x00D6	0x00B2      	MOVWF      IntToStr_negative_L0
0x00D7	0x3000      	MOVLW      0
0x00D8	0x00B3      	MOVWF      IntToStr_negative_L0+1
;__Lib_Conversions.c,156 :: 		
0x00D9	0x082D      	MOVF       FARG_IntToStr_input, 0
0x00DA	0x3C00      	SUBLW      0
0x00DB	0x00B4      	MOVWF      IntToStr_inword_L0
0x00DC	0x082E      	MOVF       FARG_IntToStr_input+1, 0
0x00DD	0x1C03      	BTFSS      STATUS, 0
0x00DE	0x3E01      	ADDLW      1
0x00DF	0x01B5      	CLRF       IntToStr_inword_L0+1
0x00E0	0x02B5      	SUBWF      IntToStr_inword_L0+1, 1
;__Lib_Conversions.c,157 :: 		
L_IntToStr23:
;__Lib_Conversions.c,158 :: 		
0x00E1	0x0834      	MOVF       IntToStr_inword_L0, 0
0x00E2	0x00B6      	MOVWF      FARG_WordToStr_input
0x00E3	0x0835      	MOVF       IntToStr_inword_L0+1, 0
0x00E4	0x00B7      	MOVWF      FARG_WordToStr_input+1
0x00E5	0x082F      	MOVF       FARG_IntToStr_output, 0
0x00E6	0x00B8      	MOVWF      FARG_WordToStr_output
0x00E7	0x2069      	CALL       _WordToStr
;__Lib_Conversions.c,160 :: 		
0x00E8	0x3006      	MOVLW      6
0x00E9	0x00B0      	MOVWF      IntToStr_i_L0
0x00EA	0x3000      	MOVLW      0
0x00EB	0x00B1      	MOVWF      IntToStr_i_L0+1
;__Lib_Conversions.c,161 :: 		
L_IntToStr24:
0x00EC	0x0831      	MOVF       IntToStr_i_L0+1, 0
0x00ED	0x3C00      	SUBLW      0
0x00EE	0x1D03      	BTFSS      STATUS, 2
0x00EF	0x28F2      	GOTO       L__IntToStr116
0x00F0	0x0830      	MOVF       IntToStr_i_L0, 0
0x00F1	0x3C00      	SUBLW      0
L__IntToStr116:
0x00F2	0x1803      	BTFSC      STATUS, 0
0x00F3	0x290D      	GOTO       L_IntToStr25
;__Lib_Conversions.c,162 :: 		
0x00F4	0x0830      	MOVF       IntToStr_i_L0, 0
0x00F5	0x072F      	ADDWF      FARG_IntToStr_output, 0
0x00F6	0x00F2      	MOVWF      R2
0x00F7	0x3001      	MOVLW      1
0x00F8	0x0230      	SUBWF      IntToStr_i_L0, 0
0x00F9	0x00F0      	MOVWF      R0
0x00FA	0x3000      	MOVLW      0
0x00FB	0x1C03      	BTFSS      STATUS, 0
0x00FC	0x3E01      	ADDLW      1
0x00FD	0x0231      	SUBWF      IntToStr_i_L0+1, 0
0x00FE	0x00F1      	MOVWF      R0+1
0x00FF	0x0870      	MOVF       R0, 0
0x0100	0x072F      	ADDWF      FARG_IntToStr_output, 0
0x0101	0x0084      	MOVWF      FSR
0x0102	0x0800      	MOVF       INDF, 0
0x0103	0x00F0      	MOVWF      R0
0x0104	0x0872      	MOVF       R2, 0
0x0105	0x0084      	MOVWF      FSR
0x0106	0x0870      	MOVF       R0, 0
0x0107	0x0080      	MOVWF      INDF
;__Lib_Conversions.c,163 :: 		
0x0108	0x3001      	MOVLW      1
0x0109	0x02B0      	SUBWF      IntToStr_i_L0, 1
0x010A	0x1C03      	BTFSS      STATUS, 0
0x010B	0x03B1      	DECF       IntToStr_i_L0+1, 1
;__Lib_Conversions.c,164 :: 		
0x010C	0x28EC      	GOTO       L_IntToStr24
L_IntToStr25:
;__Lib_Conversions.c,165 :: 		
0x010D	0x082F      	MOVF       FARG_IntToStr_output, 0
0x010E	0x0084      	MOVWF      FSR
0x010F	0x3020      	MOVLW      32
0x0110	0x0080      	MOVWF      INDF
;__Lib_Conversions.c,166 :: 		
0x0111	0x0832      	MOVF       IntToStr_negative_L0, 0
0x0112	0x0433      	IORWF      IntToStr_negative_L0+1, 0
0x0113	0x1903      	BTFSC      STATUS, 2
0x0114	0x292B      	GOTO       L_IntToStr26
;__Lib_Conversions.c,167 :: 		
0x0115	0x01B0      	CLRF       IntToStr_i_L0
0x0116	0x01B1      	CLRF       IntToStr_i_L0+1
;__Lib_Conversions.c,168 :: 		
L_IntToStr27:
0x0117	0x0830      	MOVF       IntToStr_i_L0, 0
0x0118	0x072F      	ADDWF      FARG_IntToStr_output, 0
0x0119	0x0084      	MOVWF      FSR
0x011A	0x0800      	MOVF       INDF, 0
0x011B	0x3A20      	XORLW      32
0x011C	0x1D03      	BTFSS      STATUS, 2
0x011D	0x2922      	GOTO       L_IntToStr28
0x011E	0x0AB0      	INCF       IntToStr_i_L0, 1
0x011F	0x1903      	BTFSC      STATUS, 2
0x0120	0x0AB1      	INCF       IntToStr_i_L0+1, 1
0x0121	0x2917      	GOTO       L_IntToStr27
L_IntToStr28:
;__Lib_Conversions.c,169 :: 		
0x0122	0x3001      	MOVLW      1
0x0123	0x02B0      	SUBWF      IntToStr_i_L0, 1
0x0124	0x1C03      	BTFSS      STATUS, 0
0x0125	0x03B1      	DECF       IntToStr_i_L0+1, 1
;__Lib_Conversions.c,170 :: 		
0x0126	0x0830      	MOVF       IntToStr_i_L0, 0
0x0127	0x072F      	ADDWF      FARG_IntToStr_output, 0
0x0128	0x0084      	MOVWF      FSR
0x0129	0x302D      	MOVLW      45
0x012A	0x0080      	MOVWF      INDF
L_IntToStr26:
;__Lib_Conversions.c,171 :: 		
L_end_IntToStr:
0x012B	0x0008      	RETURN
; end of _IntToStr
_Delay_500us:
;__Lib_Delays.c,27 :: 		void Delay_500us() {
;__Lib_Delays.c,28 :: 		Delay_us(498);
0x012C	0x30A5      	MOVLW      165
0x012D	0x1283      	BCF        STATUS, 5
0x012E	0x1303      	BCF        STATUS, 6
0x012F	0x00FD      	MOVWF      R13
L_Delay_500us4:
0x0130	0x0BFD      	DECFSZ     R13, 1
0x0131	0x2930      	GOTO       L_Delay_500us4
0x0132	0x0000      	NOP
0x0133	0x0000      	NOP
;__Lib_Delays.c,29 :: 		}
L_end_Delay_500us:
0x0134	0x0008      	RETURN
; end of _Delay_500us
_Delay_1us:
;__Lib_Delays.c,7 :: 		void Delay_1us() {
;__Lib_Delays.c,8 :: 		Delay_us(1);
0x0135	0x0000      	NOP
;__Lib_Delays.c,9 :: 		}
L_end_Delay_1us:
0x0136	0x0008      	RETURN
; end of _Delay_1us
_Div_8x8_U:
;__Lib_Math.c,189 :: 		
;__Lib_Math.c,196 :: 		
0x0137	0x1283      	BCF        STATUS, 5
;__Lib_Math.c,197 :: 		
0x0138	0x1303      	BCF        STATUS, 6
;__Lib_Math.c,198 :: 		
0x0139	0x01F8      	CLRF       R8
;__Lib_Math.c,199 :: 		
0x013A	0x3008      	MOVLW      8
;__Lib_Math.c,200 :: 		
0x013B	0x00FC      	MOVWF      R12
;__Lib_Math.c,201 :: 		
0x013C	0x0D70      	RLF        R0, 0
;__Lib_Math.c,202 :: 		
0x013D	0x0DF8      	RLF        R8, 1
;__Lib_Math.c,203 :: 		
0x013E	0x0874      	MOVF       R4, 0
;__Lib_Math.c,204 :: 		
0x013F	0x02F8      	SUBWF      R8, 1
;__Lib_Math.c,205 :: 		
0x0140	0x1803      	BTFSC      STATUS, 0
;__Lib_Math.c,206 :: 		
0x0141	0x2944      	GOTO       $+3
;__Lib_Math.c,207 :: 		
0x0142	0x07F8      	ADDWF      R8, 1
;__Lib_Math.c,208 :: 		
0x0143	0x1003      	BCF        STATUS, 0
;__Lib_Math.c,209 :: 		
0x0144	0x0DF0      	RLF        R0, 1
;__Lib_Math.c,210 :: 		
0x0145	0x0BFC      	DECFSZ     R12, 1
;__Lib_Math.c,211 :: 		
0x0146	0x293C      	GOTO       $-10
;__Lib_Math.c,213 :: 		
L_end_Div_8x8_U:
0x0147	0x0008      	RETURN
; end of _Div_8x8_U
_Mul_16x16_U:
;__Lib_Math.c,136 :: 		
;__Lib_Math.c,143 :: 		
0x0148	0x1283      	BCF        STATUS, 5
;__Lib_Math.c,144 :: 		
0x0149	0x1303      	BCF        STATUS, 6
;__Lib_Math.c,145 :: 		
0x014A	0x01FB      	CLRF       R11
;__Lib_Math.c,146 :: 		
0x014B	0x01FA      	CLRF       R10
;__Lib_Math.c,147 :: 		
0x014C	0x01F9      	CLRF       R9
;__Lib_Math.c,148 :: 		
0x014D	0x3080      	MOVLW      128
;__Lib_Math.c,149 :: 		
0x014E	0x00F8      	MOVWF      R8
;__Lib_Math.c,150 :: 		
0x014F	0x0CF1      	RRF        R1, 1
;__Lib_Math.c,151 :: 		
0x0150	0x0CF0      	RRF        R0, 1
;__Lib_Math.c,152 :: 		
0x0151	0x1C03      	BTFSS      STATUS, 0
;__Lib_Math.c,153 :: 		
0x0152	0x295C      	GOTO       $+10
;__Lib_Math.c,154 :: 		
0x0153	0x0874      	MOVF       R4, 0
;__Lib_Math.c,155 :: 		
0x0154	0x07F9      	ADDWF      R9, 1
;__Lib_Math.c,156 :: 		
0x0155	0x0875      	MOVF       R5, 0
;__Lib_Math.c,157 :: 		
0x0156	0x1803      	BTFSC      STATUS, 0
;__Lib_Math.c,158 :: 		
0x0157	0x0F75      	INCFSZ     R5, 0
;__Lib_Math.c,159 :: 		
0x0158	0x07FA      	ADDWF      R10, 1
;__Lib_Math.c,160 :: 		
0x0159	0x1803      	BTFSC      STATUS, 0
;__Lib_Math.c,161 :: 		
0x015A	0x0AFB      	INCF       R11, 1
;__Lib_Math.c,162 :: 		
0x015B	0x1003      	BCF        STATUS, 0
;__Lib_Math.c,163 :: 		
0x015C	0x1FF0      	BTFSS      R0, 7
;__Lib_Math.c,164 :: 		
0x015D	0x2964      	GOTO       $+7
;__Lib_Math.c,165 :: 		
0x015E	0x0874      	MOVF       R4, 0
;__Lib_Math.c,166 :: 		
0x015F	0x07FA      	ADDWF      R10, 1
;__Lib_Math.c,167 :: 		
0x0160	0x0875      	MOVF       R5, 0
;__Lib_Math.c,168 :: 		
0x0161	0x1803      	BTFSC      STATUS, 0
;__Lib_Math.c,169 :: 		
0x0162	0x0F75      	INCFSZ     R5, 0
;__Lib_Math.c,170 :: 		
0x0163	0x07FB      	ADDWF      R11, 1
;__Lib_Math.c,171 :: 		
0x0164	0x0CFB      	RRF        R11, 1
;__Lib_Math.c,172 :: 		
0x0165	0x0CFA      	RRF        R10, 1
;__Lib_Math.c,173 :: 		
0x0166	0x0CF9      	RRF        R9, 1
;__Lib_Math.c,174 :: 		
0x0167	0x0CF8      	RRF        R8, 1
;__Lib_Math.c,175 :: 		
0x0168	0x1C03      	BTFSS      STATUS, 0
;__Lib_Math.c,176 :: 		
0x0169	0x294F      	GOTO       $-26
;__Lib_Math.c,177 :: 		
0x016A	0x087B      	MOVF       R11, 0
;__Lib_Math.c,178 :: 		
0x016B	0x00F3      	MOVWF      R3
;__Lib_Math.c,179 :: 		
0x016C	0x087A      	MOVF       R10, 0
;__Lib_Math.c,180 :: 		
0x016D	0x00F2      	MOVWF      R2
;__Lib_Math.c,181 :: 		
0x016E	0x0879      	MOVF       R9, 0
;__Lib_Math.c,182 :: 		
0x016F	0x00F1      	MOVWF      R1
;__Lib_Math.c,183 :: 		
0x0170	0x0878      	MOVF       R8, 0
;__Lib_Math.c,184 :: 		
0x0171	0x00F0      	MOVWF      R0
;__Lib_Math.c,187 :: 		
L_end_Mul_16x16_U:
0x0172	0x0008      	RETURN
; end of _Mul_16x16_U
_Delay_50us:
;__Lib_Delays.c,19 :: 		void Delay_50us() {
;__Lib_Delays.c,20 :: 		Delay_us(50);
0x0173	0x3010      	MOVLW      16
0x0174	0x1283      	BCF        STATUS, 5
0x0175	0x1303      	BCF        STATUS, 6
0x0176	0x00FD      	MOVWF      R13
L_Delay_50us2:
0x0177	0x0BFD      	DECFSZ     R13, 1
0x0178	0x2977      	GOTO       L_Delay_50us2
0x0179	0x0000      	NOP
;__Lib_Delays.c,21 :: 		}
L_end_Delay_50us:
0x017A	0x0008      	RETURN
; end of _Delay_50us
_Delay_80us:
;__Lib_Delays.c,23 :: 		void Delay_80us() {
;__Lib_Delays.c,24 :: 		Delay_us(78);
0x017B	0x3019      	MOVLW      25
0x017C	0x1283      	BCF        STATUS, 5
0x017D	0x1303      	BCF        STATUS, 6
0x017E	0x00FD      	MOVWF      R13
L_Delay_80us3:
0x017F	0x0BFD      	DECFSZ     R13, 1
0x0180	0x297F      	GOTO       L_Delay_80us3
0x0181	0x0000      	NOP
0x0182	0x0000      	NOP
;__Lib_Delays.c,25 :: 		}
L_end_Delay_80us:
0x0183	0x0008      	RETURN
; end of _Delay_80us
_____DoICP:
;__Lib_System.c,6 :: 		
;__Lib_System.c,9 :: 		
0x0184	0x1683      	BSF        STATUS, 5
0x0185	0x1303      	BCF        STATUS, 6
0x0186	0x0821      	MOVF       ___DoICPAddr+1, 0
0x0187	0x008A      	MOVWF      PCLATH
;__Lib_System.c,10 :: 		
0x0188	0x0820      	MOVF       ___DoICPAddr, 0
0x0189	0x0082      	MOVWF      PCL
;__Lib_System.c,12 :: 		
L_end_____DoICP:
0x018A	0x0008      	RETURN
; end of _____DoICP
_Display_Temperature:
;MotorSpeed&DirectionControl.c,28 :: 		void Display_Temperature(unsigned int temp2write) {
;MotorSpeed&DirectionControl.c,35 :: 		if (temp2write & 0x8000) {
0x018B	0x1683      	BSF        STATUS, 5
0x018C	0x1303      	BCF        STATUS, 6
0x018D	0x1FA8      	BTFSS      FARG_Display_Temperature_temp2write+1, 7
0x018E	0x299A      	GOTO       L_Display_Temperature0
;MotorSpeed&DirectionControl.c,36 :: 		text[0] = '-';
0x018F	0x1283      	BCF        STATUS, 5
0x0190	0x0828      	MOVF       _text, 0
0x0191	0x0084      	MOVWF      FSR
0x0192	0x302D      	MOVLW      45
0x0193	0x0080      	MOVWF      INDF
;MotorSpeed&DirectionControl.c,37 :: 		temp2write = ~temp2write + 1;
0x0194	0x1683      	BSF        STATUS, 5
0x0195	0x09A7      	COMF       FARG_Display_Temperature_temp2write, 1
0x0196	0x09A8      	COMF       FARG_Display_Temperature_temp2write+1, 1
0x0197	0x0AA7      	INCF       FARG_Display_Temperature_temp2write, 1
0x0198	0x1903      	BTFSC      STATUS, 2
0x0199	0x0AA8      	INCF       FARG_Display_Temperature_temp2write+1, 1
;MotorSpeed&DirectionControl.c,38 :: 		}
L_Display_Temperature0:
;MotorSpeed&DirectionControl.c,41 :: 		temp_whole = temp2write >> 4 ;
0x019A	0x0827      	MOVF       FARG_Display_Temperature_temp2write, 0
0x019B	0x00F0      	MOVWF      R0
0x019C	0x0828      	MOVF       FARG_Display_Temperature_temp2write+1, 0
0x019D	0x00F1      	MOVWF      R0+1
0x019E	0x0CF1      	RRF        R0+1, 1
0x019F	0x0CF0      	RRF        R0, 1
0x01A0	0x13F1      	BCF        R0+1, 7
0x01A1	0x0CF1      	RRF        R0+1, 1
0x01A2	0x0CF0      	RRF        R0, 1
0x01A3	0x13F1      	BCF        R0+1, 7
0x01A4	0x0CF1      	RRF        R0+1, 1
0x01A5	0x0CF0      	RRF        R0, 1
0x01A6	0x13F1      	BCF        R0+1, 7
0x01A7	0x0CF1      	RRF        R0+1, 1
0x01A8	0x0CF0      	RRF        R0, 1
0x01A9	0x13F1      	BCF        R0+1, 7
0x01AA	0x0870      	MOVF       R0, 0
0x01AB	0x00A9      	MOVWF      Display_Temperature_temp_whole_L0
;MotorSpeed&DirectionControl.c,44 :: 		if (temp_whole/100)
0x01AC	0x3064      	MOVLW      100
0x01AD	0x00F4      	MOVWF      R4
0x01AE	0x2137      	CALL       _Div_8x8_U
0x01AF	0x0870      	MOVF       R0, 0
0x01B0	0x1903      	BTFSC      STATUS, 2
0x01B1	0x29C2      	GOTO       L_Display_Temperature1
;MotorSpeed&DirectionControl.c,45 :: 		text[0] = temp_whole/100  + 48;
0x01B2	0x0828      	MOVF       _text, 0
0x01B3	0x1683      	BSF        STATUS, 5
0x01B4	0x00AC      	MOVWF      FLOC__Display_Temperature
0x01B5	0x3064      	MOVLW      100
0x01B6	0x00F4      	MOVWF      R4
0x01B7	0x0829      	MOVF       Display_Temperature_temp_whole_L0, 0
0x01B8	0x00F0      	MOVWF      R0
0x01B9	0x2137      	CALL       _Div_8x8_U
0x01BA	0x3030      	MOVLW      48
0x01BB	0x07F0      	ADDWF      R0, 1
0x01BC	0x1683      	BSF        STATUS, 5
0x01BD	0x082C      	MOVF       FLOC__Display_Temperature, 0
0x01BE	0x0084      	MOVWF      FSR
0x01BF	0x0870      	MOVF       R0, 0
0x01C0	0x0080      	MOVWF      INDF
0x01C1	0x29C7      	GOTO       L_Display_Temperature2
L_Display_Temperature1:
;MotorSpeed&DirectionControl.c,47 :: 		text[0] = '0';
0x01C2	0x1283      	BCF        STATUS, 5
0x01C3	0x0828      	MOVF       _text, 0
0x01C4	0x0084      	MOVWF      FSR
0x01C5	0x3030      	MOVLW      48
0x01C6	0x0080      	MOVWF      INDF
L_Display_Temperature2:
0x01C7	0x1283      	BCF        STATUS, 5
;MotorSpeed&DirectionControl.c,49 :: 		text[1] = (temp_whole/10)%10 + 48;             // Extract tens digit
0x01C8	0x0A28      	INCF       _text, 0
0x01C9	0x1683      	BSF        STATUS, 5
0x01CA	0x00AC      	MOVWF      FLOC__Display_Temperature
0x01CB	0x300A      	MOVLW      10
0x01CC	0x00F4      	MOVWF      R4
0x01CD	0x0829      	MOVF       Display_Temperature_temp_whole_L0, 0
0x01CE	0x00F0      	MOVWF      R0
0x01CF	0x2137      	CALL       _Div_8x8_U
0x01D0	0x300A      	MOVLW      10
0x01D1	0x00F4      	MOVWF      R4
0x01D2	0x2137      	CALL       _Div_8x8_U
0x01D3	0x0878      	MOVF       R8, 0
0x01D4	0x00F0      	MOVWF      R0
0x01D5	0x3030      	MOVLW      48
0x01D6	0x07F0      	ADDWF      R0, 1
0x01D7	0x1683      	BSF        STATUS, 5
0x01D8	0x082C      	MOVF       FLOC__Display_Temperature, 0
0x01D9	0x0084      	MOVWF      FSR
0x01DA	0x0870      	MOVF       R0, 0
0x01DB	0x0080      	MOVWF      INDF
;MotorSpeed&DirectionControl.c,50 :: 		text[2] =  temp_whole%10     + 48;             // Extract ones digit
0x01DC	0x3002      	MOVLW      2
0x01DD	0x1283      	BCF        STATUS, 5
0x01DE	0x0728      	ADDWF      _text, 0
0x01DF	0x1683      	BSF        STATUS, 5
0x01E0	0x00AC      	MOVWF      FLOC__Display_Temperature
0x01E1	0x300A      	MOVLW      10
0x01E2	0x00F4      	MOVWF      R4
0x01E3	0x0829      	MOVF       Display_Temperature_temp_whole_L0, 0
0x01E4	0x00F0      	MOVWF      R0
0x01E5	0x2137      	CALL       _Div_8x8_U
0x01E6	0x0878      	MOVF       R8, 0
0x01E7	0x00F0      	MOVWF      R0
0x01E8	0x3030      	MOVLW      48
0x01E9	0x07F0      	ADDWF      R0, 1
0x01EA	0x1683      	BSF        STATUS, 5
0x01EB	0x082C      	MOVF       FLOC__Display_Temperature, 0
0x01EC	0x0084      	MOVWF      FSR
0x01ED	0x0870      	MOVF       R0, 0
0x01EE	0x0080      	MOVWF      INDF
;MotorSpeed&DirectionControl.c,53 :: 		temp_fraction  = temp2write;
0x01EF	0x0827      	MOVF       FARG_Display_Temperature_temp2write, 0
0x01F0	0x00AA      	MOVWF      Display_Temperature_temp_fraction_L0
0x01F1	0x0828      	MOVF       FARG_Display_Temperature_temp2write+1, 0
0x01F2	0x00AB      	MOVWF      Display_Temperature_temp_fraction_L0+1
;MotorSpeed&DirectionControl.c,54 :: 		temp_fraction &= 0x000F;
0x01F3	0x300F      	MOVLW      15
0x01F4	0x0527      	ANDWF      FARG_Display_Temperature_temp2write, 0
0x01F5	0x00F0      	MOVWF      R0
0x01F6	0x0828      	MOVF       FARG_Display_Temperature_temp2write+1, 0
0x01F7	0x00F1      	MOVWF      R0+1
0x01F8	0x3000      	MOVLW      0
0x01F9	0x05F1      	ANDWF      R0+1, 1
0x01FA	0x0870      	MOVF       R0, 0
0x01FB	0x00AA      	MOVWF      Display_Temperature_temp_fraction_L0
0x01FC	0x0871      	MOVF       R0+1, 0
0x01FD	0x00AB      	MOVWF      Display_Temperature_temp_fraction_L0+1
;MotorSpeed&DirectionControl.c,55 :: 		temp_fraction *= 625;
0x01FE	0x3071      	MOVLW      113
0x01FF	0x00F4      	MOVWF      R4
0x0200	0x3002      	MOVLW      2
0x0201	0x00F5      	MOVWF      R4+1
0x0202	0x2148      	CALL       _Mul_16x16_U
0x0203	0x0870      	MOVF       R0, 0
0x0204	0x1683      	BSF        STATUS, 5
0x0205	0x00AA      	MOVWF      Display_Temperature_temp_fraction_L0
0x0206	0x0871      	MOVF       R0+1, 0
0x0207	0x00AB      	MOVWF      Display_Temperature_temp_fraction_L0+1
;MotorSpeed&DirectionControl.c,58 :: 		text[4] =  temp_fraction/1000    + 48;         // Extract thousands digit
0x0208	0x3004      	MOVLW      4
0x0209	0x1283      	BCF        STATUS, 5
0x020A	0x0728      	ADDWF      _text, 0
0x020B	0x1683      	BSF        STATUS, 5
0x020C	0x00AC      	MOVWF      FLOC__Display_Temperature
0x020D	0x30E8      	MOVLW      232
0x020E	0x00F4      	MOVWF      R4
0x020F	0x3003      	MOVLW      3
0x0210	0x00F5      	MOVWF      R4+1
0x0211	0x2042      	CALL       _Div_16x16_U
0x0212	0x3030      	MOVLW      48
0x0213	0x07F0      	ADDWF      R0, 1
0x0214	0x1683      	BSF        STATUS, 5
0x0215	0x082C      	MOVF       FLOC__Display_Temperature, 0
0x0216	0x0084      	MOVWF      FSR
0x0217	0x0870      	MOVF       R0, 0
0x0218	0x0080      	MOVWF      INDF
;MotorSpeed&DirectionControl.c,59 :: 		text[5] = (temp_fraction/100)%10 + 48;         // Extract hundreds digit
0x0219	0x3005      	MOVLW      5
0x021A	0x1283      	BCF        STATUS, 5
0x021B	0x0728      	ADDWF      _text, 0
0x021C	0x1683      	BSF        STATUS, 5
0x021D	0x00AC      	MOVWF      FLOC__Display_Temperature
0x021E	0x3064      	MOVLW      100
0x021F	0x00F4      	MOVWF      R4
0x0220	0x3000      	MOVLW      0
0x0221	0x00F5      	MOVWF      R4+1
0x0222	0x082A      	MOVF       Display_Temperature_temp_fraction_L0, 0
0x0223	0x00F0      	MOVWF      R0
0x0224	0x082B      	MOVF       Display_Temperature_temp_fraction_L0+1, 0
0x0225	0x00F1      	MOVWF      R0+1
0x0226	0x2042      	CALL       _Div_16x16_U
0x0227	0x300A      	MOVLW      10
0x0228	0x00F4      	MOVWF      R4
0x0229	0x3000      	MOVLW      0
0x022A	0x00F5      	MOVWF      R4+1
0x022B	0x2042      	CALL       _Div_16x16_U
0x022C	0x0878      	MOVF       R8, 0
0x022D	0x00F0      	MOVWF      R0
0x022E	0x0879      	MOVF       R8+1, 0
0x022F	0x00F1      	MOVWF      R0+1
0x0230	0x3030      	MOVLW      48
0x0231	0x07F0      	ADDWF      R0, 1
0x0232	0x1683      	BSF        STATUS, 5
0x0233	0x082C      	MOVF       FLOC__Display_Temperature, 0
0x0234	0x0084      	MOVWF      FSR
0x0235	0x0870      	MOVF       R0, 0
0x0236	0x0080      	MOVWF      INDF
;MotorSpeed&DirectionControl.c,60 :: 		text[6] = (temp_fraction/10)%10  + 48;         // Extract tens digit
0x0237	0x3006      	MOVLW      6
0x0238	0x1283      	BCF        STATUS, 5
0x0239	0x0728      	ADDWF      _text, 0
0x023A	0x1683      	BSF        STATUS, 5
0x023B	0x00AC      	MOVWF      FLOC__Display_Temperature
0x023C	0x300A      	MOVLW      10
0x023D	0x00F4      	MOVWF      R4
0x023E	0x3000      	MOVLW      0
0x023F	0x00F5      	MOVWF      R4+1
0x0240	0x082A      	MOVF       Display_Temperature_temp_fraction_L0, 0
0x0241	0x00F0      	MOVWF      R0
0x0242	0x082B      	MOVF       Display_Temperature_temp_fraction_L0+1, 0
0x0243	0x00F1      	MOVWF      R0+1
0x0244	0x2042      	CALL       _Div_16x16_U
0x0245	0x300A      	MOVLW      10
0x0246	0x00F4      	MOVWF      R4
0x0247	0x3000      	MOVLW      0
0x0248	0x00F5      	MOVWF      R4+1
0x0249	0x2042      	CALL       _Div_16x16_U
0x024A	0x0878      	MOVF       R8, 0
0x024B	0x00F0      	MOVWF      R0
0x024C	0x0879      	MOVF       R8+1, 0
0x024D	0x00F1      	MOVWF      R0+1
0x024E	0x3030      	MOVLW      48
0x024F	0x07F0      	ADDWF      R0, 1
0x0250	0x1683      	BSF        STATUS, 5
0x0251	0x082C      	MOVF       FLOC__Display_Temperature, 0
0x0252	0x0084      	MOVWF      FSR
0x0253	0x0870      	MOVF       R0, 0
0x0254	0x0080      	MOVWF      INDF
;MotorSpeed&DirectionControl.c,61 :: 		text[7] =  temp_fraction%10      + 48;         // Extract ones digit
0x0255	0x3007      	MOVLW      7
0x0256	0x1283      	BCF        STATUS, 5
0x0257	0x0728      	ADDWF      _text, 0
0x0258	0x1683      	BSF        STATUS, 5
0x0259	0x00AC      	MOVWF      FLOC__Display_Temperature
0x025A	0x300A      	MOVLW      10
0x025B	0x00F4      	MOVWF      R4
0x025C	0x3000      	MOVLW      0
0x025D	0x00F5      	MOVWF      R4+1
0x025E	0x082A      	MOVF       Display_Temperature_temp_fraction_L0, 0
0x025F	0x00F0      	MOVWF      R0
0x0260	0x082B      	MOVF       Display_Temperature_temp_fraction_L0+1, 0
0x0261	0x00F1      	MOVWF      R0+1
0x0262	0x2042      	CALL       _Div_16x16_U
0x0263	0x0878      	MOVF       R8, 0
0x0264	0x00F0      	MOVWF      R0
0x0265	0x0879      	MOVF       R8+1, 0
0x0266	0x00F1      	MOVWF      R0+1
0x0267	0x3030      	MOVLW      48
0x0268	0x07F0      	ADDWF      R0, 1
0x0269	0x1683      	BSF        STATUS, 5
0x026A	0x082C      	MOVF       FLOC__Display_Temperature, 0
0x026B	0x0084      	MOVWF      FSR
0x026C	0x0870      	MOVF       R0, 0
0x026D	0x0080      	MOVWF      INDF
;MotorSpeed&DirectionControl.c,63 :: 		if(PORTD.F2 == 1){
0x026E	0x1283      	BCF        STATUS, 5
0x026F	0x1D08      	BTFSS      PORTD, 2
0x0270	0x2AAA      	GOTO       L_Display_Temperature3
;MotorSpeed&DirectionControl.c,64 :: 		IntToStr(temp_whole,whole);
0x0271	0x1683      	BSF        STATUS, 5
0x0272	0x0829      	MOVF       Display_Temperature_temp_whole_L0, 0
0x0273	0x00AD      	MOVWF      FARG_IntToStr_input
0x0274	0x01AE      	CLRF       FARG_IntToStr_input+1
0x0275	0x1283      	BCF        STATUS, 5
0x0276	0x0824      	MOVF       _whole, 0
0x0277	0x1683      	BSF        STATUS, 5
0x0278	0x00AF      	MOVWF      FARG_IntToStr_output
0x0279	0x20C2      	CALL       _IntToStr
;MotorSpeed&DirectionControl.c,65 :: 		IntToStr(temp_fraction,fr);
0x027A	0x082A      	MOVF       Display_Temperature_temp_fraction_L0, 0
0x027B	0x00AD      	MOVWF      FARG_IntToStr_input
0x027C	0x082B      	MOVF       Display_Temperature_temp_fraction_L0+1, 0
0x027D	0x00AE      	MOVWF      FARG_IntToStr_input+1
0x027E	0x1283      	BCF        STATUS, 5
0x027F	0x0823      	MOVF       _fr, 0
0x0280	0x1683      	BSF        STATUS, 5
0x0281	0x00AF      	MOVWF      FARG_IntToStr_output
0x0282	0x20C2      	CALL       _IntToStr
;MotorSpeed&DirectionControl.c,66 :: 		IntToStr(pwm,strPwm);
0x0283	0x1283      	BCF        STATUS, 5
0x0284	0x0826      	MOVF       _pwm, 0
0x0285	0x1683      	BSF        STATUS, 5
0x0286	0x00AD      	MOVWF      FARG_IntToStr_input
0x0287	0x1283      	BCF        STATUS, 5
0x0288	0x0827      	MOVF       _pwm+1, 0
0x0289	0x1683      	BSF        STATUS, 5
0x028A	0x00AE      	MOVWF      FARG_IntToStr_input+1
0x028B	0x1283      	BCF        STATUS, 5
0x028C	0x0825      	MOVF       _strPwm, 0
0x028D	0x1683      	BSF        STATUS, 5
0x028E	0x00AF      	MOVWF      FARG_IntToStr_output
0x028F	0x20C2      	CALL       _IntToStr
;MotorSpeed&DirectionControl.c,67 :: 		UART1_Write_Text("{\"Temprature\":\"");
0x0290	0x3039      	MOVLW      ?lstr5_MotorSpeed&DirectionControl
0x0291	0x00AD      	MOVWF      FARG_UART1_Write_Text_uart_text
0x0292	0x20AB      	CALL       _UART1_Write_Text
;MotorSpeed&DirectionControl.c,68 :: 		UART1_Write_Text(text);
0x0293	0x1283      	BCF        STATUS, 5
0x0294	0x0828      	MOVF       _text, 0
0x0295	0x1683      	BSF        STATUS, 5
0x0296	0x00AD      	MOVWF      FARG_UART1_Write_Text_uart_text
0x0297	0x20AB      	CALL       _UART1_Write_Text
;MotorSpeed&DirectionControl.c,69 :: 		UART1_Write_Text("\",\"PWMDuty\":\"");
0x0298	0x302B      	MOVLW      ?lstr6_MotorSpeed&DirectionControl
0x0299	0x00AD      	MOVWF      FARG_UART1_Write_Text_uart_text
0x029A	0x20AB      	CALL       _UART1_Write_Text
;MotorSpeed&DirectionControl.c,70 :: 		UART1_Write_Text(strPwm);
0x029B	0x1283      	BCF        STATUS, 5
0x029C	0x0825      	MOVF       _strPwm, 0
0x029D	0x1683      	BSF        STATUS, 5
0x029E	0x00AD      	MOVWF      FARG_UART1_Write_Text_uart_text
0x029F	0x20AB      	CALL       _UART1_Write_Text
;MotorSpeed&DirectionControl.c,71 :: 		UART1_Write_Text("\"}");
0x02A0	0x3049      	MOVLW      ?lstr7_MotorSpeed&DirectionControl
0x02A1	0x00AD      	MOVWF      FARG_UART1_Write_Text_uart_text
0x02A2	0x20AB      	CALL       _UART1_Write_Text
;MotorSpeed&DirectionControl.c,72 :: 		UART1_Write(10);
0x02A3	0x300A      	MOVLW      10
0x02A4	0x00B6      	MOVWF      FARG_UART1_Write_data_
0x02A5	0x205F      	CALL       _UART1_Write
;MotorSpeed&DirectionControl.c,73 :: 		UART1_Write(13);
0x02A6	0x300D      	MOVLW      13
0x02A7	0x1683      	BSF        STATUS, 5
0x02A8	0x00B6      	MOVWF      FARG_UART1_Write_data_
0x02A9	0x205F      	CALL       _UART1_Write
;MotorSpeed&DirectionControl.c,74 :: 		}
L_Display_Temperature3:
;MotorSpeed&DirectionControl.c,75 :: 		}
L_end_Display_Temperature:
0x02AA	0x0008      	RETURN
; end of _Display_Temperature
_Ow_Read:
;__Lib_OneWire.c,26 :: 		
;__Lib_OneWire.c,29 :: 		
0x02AB	0x1683      	BSF        STATUS, 5
0x02AC	0x1303      	BCF        STATUS, 6
0x02AD	0x0828      	MOVF       FARG_Ow_Read_pin, 0
0x02AE	0x00F1      	MOVWF      R1
0x02AF	0x3001      	MOVLW      1
0x02B0	0x00F0      	MOVWF      R0
0x02B1	0x0871      	MOVF       R1, 0
L__Ow_Read12:
0x02B2	0x1903      	BTFSC      STATUS, 2
0x02B3	0x2AB8      	GOTO       L__Ow_Read13
0x02B4	0x0DF0      	RLF        R0, 1
0x02B5	0x1070      	BCF        R0, 0
0x02B6	0x3EFF      	ADDLW      255
0x02B7	0x2AB2      	GOTO       L__Ow_Read12
L__Ow_Read13:
0x02B8	0x0870      	MOVF       R0, 0
0x02B9	0x00AC      	MOVWF      Ow_Read_bit_mask_1_L0
;__Lib_OneWire.c,30 :: 		
0x02BA	0x0970      	COMF       R0, 0
0x02BB	0x00AB      	MOVWF      Ow_Read_bit_mask_0_L0
;__Lib_OneWire.c,32 :: 		
0x02BC	0x0827      	MOVF       FARG_Ow_Read_port, 0
0x02BD	0x0084      	MOVWF      FSR
;__Lib_OneWire.c,33 :: 		
0x02BE	0x01AA      	CLRF       Ow_Read_tmp_L0
;__Lib_OneWire.c,34 :: 		
0x02BF	0x01A9      	CLRF       Ow_Read_i_L0
L_Ow_Read0:
0x02C0	0x0829      	MOVF       Ow_Read_i_L0, 0
0x02C1	0x3C07      	SUBLW      7
0x02C2	0x1C03      	BTFSS      STATUS, 0
0x02C3	0x2AE5      	GOTO       L_Ow_Read1
;__Lib_OneWire.c,35 :: 		
0x02C4	0x082B      	MOVF       Ow_Read_bit_mask_0_L0, 0
0x02C5	0x0580      	ANDWF      INDF, 1
;__Lib_OneWire.c,37 :: 		
0x02C6	0x1784      	BSF        FSR, 7
;__Lib_OneWire.c,38 :: 		
0x02C7	0x082B      	MOVF       Ow_Read_bit_mask_0_L0, 0
0x02C8	0x0580      	ANDWF      INDF, 1
;__Lib_OneWire.c,39 :: 		
0x02C9	0x2135      	CALL       _Delay_1us
;__Lib_OneWire.c,40 :: 		
0x02CA	0x082C      	MOVF       Ow_Read_bit_mask_1_L0, 0
0x02CB	0x0480      	IORWF      INDF, 1
;__Lib_OneWire.c,41 :: 		
0x02CC	0x2135      	CALL       _Delay_1us
;__Lib_OneWire.c,43 :: 		
0x02CD	0x1384      	BCF        FSR, 7
;__Lib_OneWire.c,44 :: 		
0x02CE	0x082C      	MOVF       Ow_Read_bit_mask_1_L0, 0
0x02CF	0x0500      	ANDWF      INDF, 0
0x02D0	0x00F0      	MOVWF      R0
0x02D1	0x1903      	BTFSC      STATUS, 2
0x02D2	0x2AE0      	GOTO       L_Ow_Read3
;__Lib_OneWire.c,45 :: 		
0x02D3	0x0829      	MOVF       Ow_Read_i_L0, 0
0x02D4	0x00F1      	MOVWF      R1
0x02D5	0x3001      	MOVLW      1
0x02D6	0x00F0      	MOVWF      R0
0x02D7	0x0871      	MOVF       R1, 0
L__Ow_Read14:
0x02D8	0x1903      	BTFSC      STATUS, 2
0x02D9	0x2ADE      	GOTO       L__Ow_Read15
0x02DA	0x0DF0      	RLF        R0, 1
0x02DB	0x1070      	BCF        R0, 0
0x02DC	0x3EFF      	ADDLW      255
0x02DD	0x2AD8      	GOTO       L__Ow_Read14
L__Ow_Read15:
0x02DE	0x0870      	MOVF       R0, 0
0x02DF	0x04AA      	IORWF      Ow_Read_tmp_L0, 1
L_Ow_Read3:
;__Lib_OneWire.c,47 :: 		
0x02E0	0x2173      	CALL       _Delay_50us
;__Lib_OneWire.c,48 :: 		
0x02E1	0x2173      	CALL       _Delay_50us
;__Lib_OneWire.c,34 :: 		
0x02E2	0x1683      	BSF        STATUS, 5
0x02E3	0x0AA9      	INCF       Ow_Read_i_L0, 1
;__Lib_OneWire.c,49 :: 		
0x02E4	0x2AC0      	GOTO       L_Ow_Read0
L_Ow_Read1:
;__Lib_OneWire.c,50 :: 		
0x02E5	0x082A      	MOVF       Ow_Read_tmp_L0, 0
0x02E6	0x00F0      	MOVWF      R0
;__Lib_OneWire.c,51 :: 		
L_end_Ow_Read:
0x02E7	0x0008      	RETURN
; end of _Ow_Read
_Ow_Reset:
;__Lib_OneWire.c,5 :: 		
;__Lib_OneWire.c,8 :: 		
0x02E8	0x1683      	BSF        STATUS, 5
0x02E9	0x1303      	BCF        STATUS, 6
0x02EA	0x0828      	MOVF       FARG_Ow_Reset_pin, 0
0x02EB	0x00F1      	MOVWF      R1
0x02EC	0x3001      	MOVLW      1
0x02ED	0x00F0      	MOVWF      R0
0x02EE	0x0871      	MOVF       R1, 0
L__Ow_Reset9:
0x02EF	0x1903      	BTFSC      STATUS, 2
0x02F0	0x2AF5      	GOTO       L__Ow_Reset10
0x02F1	0x0DF0      	RLF        R0, 1
0x02F2	0x1070      	BCF        R0, 0
0x02F3	0x3EFF      	ADDLW      255
0x02F4	0x2AEF      	GOTO       L__Ow_Reset9
L__Ow_Reset10:
0x02F5	0x0870      	MOVF       R0, 0
0x02F6	0x00AA      	MOVWF      Ow_Reset_bit_mask_1_L0
;__Lib_OneWire.c,9 :: 		
0x02F7	0x09F0      	COMF       R0, 1
;__Lib_OneWire.c,11 :: 		
0x02F8	0x0827      	MOVF       FARG_Ow_Reset_port, 0
0x02F9	0x0084      	MOVWF      FSR
;__Lib_OneWire.c,12 :: 		
0x02FA	0x0870      	MOVF       R0, 0
0x02FB	0x0580      	ANDWF      INDF, 1
;__Lib_OneWire.c,13 :: 		
0x02FC	0x1784      	BSF        FSR, 7
;__Lib_OneWire.c,14 :: 		
0x02FD	0x0870      	MOVF       R0, 0
0x02FE	0x0580      	ANDWF      INDF, 1
;__Lib_OneWire.c,15 :: 		
0x02FF	0x212C      	CALL       _Delay_500us
;__Lib_OneWire.c,16 :: 		
0x0300	0x1683      	BSF        STATUS, 5
0x0301	0x082A      	MOVF       Ow_Reset_bit_mask_1_L0, 0
0x0302	0x0480      	IORWF      INDF, 1
;__Lib_OneWire.c,18 :: 		
0x0303	0x1384      	BCF        FSR, 7
;__Lib_OneWire.c,19 :: 		
0x0304	0x217B      	CALL       _Delay_80us
;__Lib_OneWire.c,20 :: 		
0x0305	0x1683      	BSF        STATUS, 5
0x0306	0x082A      	MOVF       Ow_Reset_bit_mask_1_L0, 0
0x0307	0x0500      	ANDWF      INDF, 0
0x0308	0x00A9      	MOVWF      Ow_Reset_res_L0
0x0309	0x0829      	MOVF       Ow_Reset_res_L0, 0
0x030A	0x3A00      	XORLW      0
0x030B	0x3001      	MOVLW      1
0x030C	0x1903      	BTFSC      STATUS, 2
0x030D	0x3000      	MOVLW      0
0x030E	0x00A9      	MOVWF      Ow_Reset_res_L0
;__Lib_OneWire.c,21 :: 		
0x030F	0x212C      	CALL       _Delay_500us
;__Lib_OneWire.c,22 :: 		
0x0310	0x1683      	BSF        STATUS, 5
0x0311	0x0829      	MOVF       Ow_Reset_res_L0, 0
0x0312	0x00F0      	MOVWF      R0
;__Lib_OneWire.c,23 :: 		
L_end_Ow_Reset:
0x0313	0x0008      	RETURN
; end of _Ow_Reset
_PWM1_Set_Duty:
;__Lib_PWM_c21.c,40 :: 		
;__Lib_PWM_c21.c,44 :: 		
0x0314	0x1683      	BSF        STATUS, 5
0x0315	0x1303      	BCF        STATUS, 6
0x0316	0x0812      	MOVF       PR2, 0
0x0317	0x3E01      	ADDLW      1
0x0318	0x00F0      	MOVWF      R0
0x0319	0x01F1      	CLRF       R0+1
0x031A	0x1803      	BTFSC      STATUS, 0
0x031B	0x0AF1      	INCF       R0+1, 1
0x031C	0x0827      	MOVF       FARG_PWM1_Set_Duty_new_duty, 0
0x031D	0x00F4      	MOVWF      R4
0x031E	0x01F5      	CLRF       R4+1
0x031F	0x2148      	CALL       _Mul_16x16_U
0x0320	0x3006      	MOVLW      6
0x0321	0x00F2      	MOVWF      R2
0x0322	0x0870      	MOVF       R0, 0
0x0323	0x00F4      	MOVWF      R4
0x0324	0x0871      	MOVF       R0+1, 0
0x0325	0x00F5      	MOVWF      R4+1
0x0326	0x0872      	MOVF       R2, 0
L__PWM1_Set_Duty10:
0x0327	0x1903      	BTFSC      STATUS, 2
0x0328	0x2B2E      	GOTO       L__PWM1_Set_Duty11
0x0329	0x0CF5      	RRF        R4+1, 1
0x032A	0x0CF4      	RRF        R4, 1
0x032B	0x13F5      	BCF        R4+1, 7
0x032C	0x3EFF      	ADDLW      255
0x032D	0x2B27      	GOTO       L__PWM1_Set_Duty10
L__PWM1_Set_Duty11:
;__Lib_PWM_c21.c,45 :: 		
0x032E	0x3004      	MOVLW      4
0x032F	0x00F1      	MOVWF      R1
0x0330	0x0874      	MOVF       R4, 0
0x0331	0x00F0      	MOVWF      R0
0x0332	0x0871      	MOVF       R1, 0
L__PWM1_Set_Duty12:
0x0333	0x1903      	BTFSC      STATUS, 2
0x0334	0x2B39      	GOTO       L__PWM1_Set_Duty13
0x0335	0x0DF0      	RLF        R0, 1
0x0336	0x1070      	BCF        R0, 0
0x0337	0x3EFF      	ADDLW      255
0x0338	0x2B33      	GOTO       L__PWM1_Set_Duty12
L__PWM1_Set_Duty13:
0x0339	0x3030      	MOVLW      48
0x033A	0x0570      	ANDWF      R0, 0
0x033B	0x00F3      	MOVWF      R3
;__Lib_PWM_c21.c,46 :: 		
0x033C	0x0874      	MOVF       R4, 0
0x033D	0x00F0      	MOVWF      R0
0x033E	0x0875      	MOVF       R4+1, 0
0x033F	0x00F1      	MOVWF      R0+1
0x0340	0x0CF1      	RRF        R0+1, 1
0x0341	0x0CF0      	RRF        R0, 1
0x0342	0x13F1      	BCF        R0+1, 7
0x0343	0x0CF1      	RRF        R0+1, 1
0x0344	0x0CF0      	RRF        R0, 1
0x0345	0x13F1      	BCF        R0+1, 7
0x0346	0x0870      	MOVF       R0, 0
0x0347	0x0095      	MOVWF      CCPR1L
;__Lib_PWM_c21.c,47 :: 		
0x0348	0x300F      	MOVLW      15
0x0349	0x0597      	ANDWF      CCP1CON, 1
;__Lib_PWM_c21.c,48 :: 		
0x034A	0x0873      	MOVF       R3, 0
0x034B	0x0497      	IORWF      CCP1CON, 1
;__Lib_PWM_c21.c,49 :: 		
L_end_PWM1_Set_Duty:
0x034C	0x0008      	RETURN
; end of _PWM1_Set_Duty
_Ow_Write:
;__Lib_OneWire.c,54 :: 		
;__Lib_OneWire.c,57 :: 		
0x034D	0x1683      	BSF        STATUS, 5
0x034E	0x1303      	BCF        STATUS, 6
0x034F	0x0828      	MOVF       FARG_Ow_Write_pin, 0
0x0350	0x00F1      	MOVWF      R1
0x0351	0x3001      	MOVLW      1
0x0352	0x00F0      	MOVWF      R0
0x0353	0x0871      	MOVF       R1, 0
L__Ow_Write17:
0x0354	0x1903      	BTFSC      STATUS, 2
0x0355	0x2B5A      	GOTO       L__Ow_Write18
0x0356	0x0DF0      	RLF        R0, 1
0x0357	0x1070      	BCF        R0, 0
0x0358	0x3EFF      	ADDLW      255
0x0359	0x2B54      	GOTO       L__Ow_Write17
L__Ow_Write18:
0x035A	0x0870      	MOVF       R0, 0
0x035B	0x00AC      	MOVWF      Ow_Write_bit_mask_1_L0
;__Lib_OneWire.c,58 :: 		
0x035C	0x09F0      	COMF       R0, 1
0x035D	0x0870      	MOVF       R0, 0
0x035E	0x00AB      	MOVWF      Ow_Write_bit_mask_0_L0
;__Lib_OneWire.c,60 :: 		
0x035F	0x0827      	MOVF       FARG_Ow_Write_port, 0
0x0360	0x0084      	MOVWF      FSR
;__Lib_OneWire.c,61 :: 		
0x0361	0x0870      	MOVF       R0, 0
0x0362	0x0580      	ANDWF      INDF, 1
;__Lib_OneWire.c,62 :: 		
0x0363	0x1784      	BSF        FSR, 7
;__Lib_OneWire.c,64 :: 		
0x0364	0x01AA      	CLRF       Ow_Write_i_L0
L_Ow_Write4:
0x0365	0x082A      	MOVF       Ow_Write_i_L0, 0
0x0366	0x3C07      	SUBLW      7
0x0367	0x1C03      	BTFSS      STATUS, 0
0x0368	0x2B80      	GOTO       L_Ow_Write5
;__Lib_OneWire.c,65 :: 		
0x0369	0x082A      	MOVF       Ow_Write_i_L0, 0
0x036A	0x00F0      	MOVWF      R0
0x036B	0x0829      	MOVF       FARG_Ow_Write_data_, 0
0x036C	0x00F1      	MOVWF      R1
0x036D	0x0870      	MOVF       R0, 0
L__Ow_Write19:
0x036E	0x1903      	BTFSC      STATUS, 2
0x036F	0x2B74      	GOTO       L__Ow_Write20
0x0370	0x0CF1      	RRF        R1, 1
0x0371	0x13F1      	BCF        R1, 7
0x0372	0x3EFF      	ADDLW      255
0x0373	0x2B6E      	GOTO       L__Ow_Write19
L__Ow_Write20:
;__Lib_OneWire.c,68 :: 		
0x0374	0x082B      	MOVF       Ow_Write_bit_mask_0_L0, 0
0x0375	0x0580      	ANDWF      INDF, 1
;__Lib_OneWire.c,70 :: 		
0x0376	0x1C71      	BTFSS      R1, 0
0x0377	0x2B7A      	GOTO       L_Ow_Write7
;__Lib_OneWire.c,71 :: 		
0x0378	0x082C      	MOVF       Ow_Write_bit_mask_1_L0, 0
0x0379	0x0480      	IORWF      INDF, 1
;__Lib_OneWire.c,72 :: 		
L_Ow_Write7:
;__Lib_OneWire.c,74 :: 		
0x037A	0x217B      	CALL       _Delay_80us
;__Lib_OneWire.c,76 :: 		
0x037B	0x1683      	BSF        STATUS, 5
0x037C	0x082C      	MOVF       Ow_Write_bit_mask_1_L0, 0
0x037D	0x0480      	IORWF      INDF, 1
;__Lib_OneWire.c,64 :: 		
0x037E	0x0AAA      	INCF       Ow_Write_i_L0, 1
;__Lib_OneWire.c,77 :: 		
0x037F	0x2B65      	GOTO       L_Ow_Write4
L_Ow_Write5:
;__Lib_OneWire.c,78 :: 		
0x0380	0x1384      	BCF        FSR, 7
;__Lib_OneWire.c,80 :: 		
0x0381	0x2173      	CALL       _Delay_50us
;__Lib_OneWire.c,81 :: 		
0x0382	0x2173      	CALL       _Delay_50us
;__Lib_OneWire.c,82 :: 		
L_end_Ow_Write:
0x0383	0x0008      	RETURN
; end of _Ow_Write
_PWM1_Start:
;__Lib_PWM_c21.c,51 :: 		
;__Lib_PWM_c21.c,52 :: 		
0x0384	0x1683      	BSF        STATUS, 5
0x0385	0x1303      	BCF        STATUS, 6
0x0386	0x1107      	BCF        TRISC2_bit, BitPos(TRISC2_bit+0)
;__Lib_PWM_c21.c,53 :: 		
0x0387	0x1283      	BCF        STATUS, 5
0x0388	0x1512      	BSF        T2CON, 2
;__Lib_PWM_c21.c,54 :: 		
0x0389	0x300C      	MOVLW      12
0x038A	0x0497      	IORWF      CCP1CON, 1
;__Lib_PWM_c21.c,55 :: 		
L_end_PWM1_Start:
0x038B	0x0008      	RETURN
; end of _PWM1_Start
___CC2DW:
;__Lib_System.c,134 :: 		
;__Lib_System.c,137 :: 		
_CC2D_Loop1:
;__Lib_System.c,139 :: 		
0x038C	0x2184      	CALL       _____DoICP
0x038D	0x118A      	BCF        PCLATH, 3
0x038E	0x120A      	BCF        PCLATH, 4
;__Lib_System.c,141 :: 		
0x038F	0x0080      	MOVWF      INDF
;__Lib_System.c,142 :: 		
0x0390	0x0A84      	INCF       FSR, 1
;__Lib_System.c,143 :: 		
0x0391	0x0AA0      	INCF       ___DoICPAddr, 1
;__Lib_System.c,145 :: 		
0x0392	0x1903      	BTFSC      STATUS, 2
;__Lib_System.c,146 :: 		
0x0393	0x0AA1      	INCF       ___DoICPAddr+1, 1
;__Lib_System.c,147 :: 		
0x0394	0x03F0      	DECF       R0, 1
;__Lib_System.c,149 :: 		
0x0395	0x1D03      	BTFSS      STATUS, 2
;__Lib_System.c,150 :: 		
0x0396	0x2B8C      	GOTO       _CC2D_Loop1
;__Lib_System.c,152 :: 		
L_end___CC2DW:
0x0397	0x0008      	RETURN
; end of ___CC2DW
_PWM1_Init:
;__Lib_PWM_c21.c,33 :: 		
;__Lib_PWM_c21.c,34 :: 		
;__Lib_PWM_c21.c,35 :: 		
0x0398	0x1283      	BCF        STATUS, 5
0x0399	0x1303      	BCF        STATUS, 6
0x039A	0x0195      	CLRF       CCPR1L
;__Lib_PWM_c21.c,36 :: 		
0x039B	0x1217      	BCF        CCP1CON, 4
;__Lib_PWM_c21.c,37 :: 		
0x039C	0x1297      	BCF        CCP1CON, 5
;__Lib_PWM_c21.c,38 :: 		
L_end_PWM1_Init:
0x039D	0x0008      	RETURN
; end of _PWM1_Init
_UART1_Init:
;__Lib_UART_c67.c,2 :: 		
;__Lib_UART_c67.c,5 :: 		
0x039E	0x1683      	BSF        STATUS, 5
0x039F	0x1303      	BCF        STATUS, 6
0x03A0	0x1698      	BSF        TXSTA, 5
;__Lib_UART_c67.c,6 :: 		
0x03A1	0x3090      	MOVLW      144
0x03A2	0x1283      	BCF        STATUS, 5
0x03A3	0x0098      	MOVWF      RCSTA
;__Lib_UART_c67.c,7 :: 		
0x03A4	0x1683      	BSF        STATUS, 5
0x03A5	0x1787      	BSF        TRISC7_bit, BitPos(TRISC7_bit+0)
;__Lib_UART_c67.c,8 :: 		
0x03A6	0x1307      	BCF        TRISC6_bit, BitPos(TRISC6_bit+0)
;__Lib_UART_c67.c,10 :: 		
L_UART1_Init0:
0x03A7	0x1283      	BCF        STATUS, 5
0x03A8	0x1E8C      	BTFSS      PIR1, 5
0x03A9	0x2BAD      	GOTO       L_UART1_Init1
;__Lib_UART_c67.c,11 :: 		
0x03AA	0x081A      	MOVF       RCREG, 0
0x03AB	0x00F0      	MOVWF      R0
0x03AC	0x2BA7      	GOTO       L_UART1_Init0
L_UART1_Init1:
;__Lib_UART_c67.c,12 :: 		
L_end_UART1_Init:
0x03AD	0x0008      	RETURN
; end of _UART1_Init
_UART1_Read:
;__Lib_UART_c67.c,21 :: 		
;__Lib_UART_c67.c,24 :: 		
0x03AE	0x1283      	BCF        STATUS, 5
0x03AF	0x1303      	BCF        STATUS, 6
0x03B0	0x081A      	MOVF       RCREG, 0
0x03B1	0x00F1      	MOVWF      R1
;__Lib_UART_c67.c,25 :: 		
0x03B2	0x1C98      	BTFSS      RCSTA, 1
0x03B3	0x2BB6      	GOTO       L_UART1_Read2
;__Lib_UART_c67.c,26 :: 		
0x03B4	0x1218      	BCF        RCSTA, 4
;__Lib_UART_c67.c,27 :: 		
0x03B5	0x1618      	BSF        RCSTA, 4
;__Lib_UART_c67.c,28 :: 		
L_UART1_Read2:
;__Lib_UART_c67.c,29 :: 		
0x03B6	0x0871      	MOVF       R1, 0
0x03B7	0x00F0      	MOVWF      R0
;__Lib_UART_c67.c,30 :: 		
L_end_UART1_Read:
0x03B8	0x0008      	RETURN
; end of _UART1_Read
_main:
0x03B9	0x24B6      	CALL       1206
;MotorSpeed&DirectionControl.c,97 :: 		void main() {
;MotorSpeed&DirectionControl.c,98 :: 		ANSEL  = 0;                                    // Configure AN pins as digital I/O
0x03BA	0x1683      	BSF        STATUS, 5
0x03BB	0x1703      	BSF        STATUS, 6
0x03BC	0x0188      	CLRF       ANSEL
;MotorSpeed&DirectionControl.c,99 :: 		ANSELH = 0;
0x03BD	0x0189      	CLRF       ANSELH
;MotorSpeed&DirectionControl.c,100 :: 		C1ON_bit = 0;                                  // Disable comparators
0x03BE	0x1283      	BCF        STATUS, 5
0x03BF	0x1387      	BCF        C1ON_bit, BitPos(C1ON_bit+0)
;MotorSpeed&DirectionControl.c,101 :: 		C2ON_bit = 0;
0x03C0	0x1388      	BCF        C2ON_bit, BitPos(C2ON_bit+0)
;MotorSpeed&DirectionControl.c,102 :: 		TRISC = 0;
0x03C1	0x1683      	BSF        STATUS, 5
0x03C2	0x1303      	BCF        STATUS, 6
0x03C3	0x0187      	CLRF       TRISC
;MotorSpeed&DirectionControl.c,103 :: 		PORTC = 0;
0x03C4	0x1283      	BCF        STATUS, 5
0x03C5	0x0187      	CLRF       PORTC
;MotorSpeed&DirectionControl.c,104 :: 		TRISD = 0xFF;
0x03C6	0x30FF      	MOVLW      255
0x03C7	0x1683      	BSF        STATUS, 5
0x03C8	0x0088      	MOVWF      TRISD
;MotorSpeed&DirectionControl.c,105 :: 		PORTD = 0;
0x03C9	0x1283      	BCF        STATUS, 5
0x03CA	0x0188      	CLRF       PORTD
;MotorSpeed&DirectionControl.c,106 :: 		TRISB = 0;
0x03CB	0x1683      	BSF        STATUS, 5
0x03CC	0x0186      	CLRF       TRISB
;MotorSpeed&DirectionControl.c,108 :: 		PORTB = 255;
0x03CD	0x30FF      	MOVLW      255
0x03CE	0x1283      	BCF        STATUS, 5
0x03CF	0x0086      	MOVWF      PORTB
;MotorSpeed&DirectionControl.c,109 :: 		Delay_ms(500);
0x03D0	0x3003      	MOVLW      3
0x03D1	0x00FB      	MOVWF      R11
0x03D2	0x308A      	MOVLW      138
0x03D3	0x00FC      	MOVWF      R12
0x03D4	0x3055      	MOVLW      85
0x03D5	0x00FD      	MOVWF      R13
L_main5:
0x03D6	0x0BFD      	DECFSZ     R13, 1
0x03D7	0x2BD6      	GOTO       L_main5
0x03D8	0x0BFC      	DECFSZ     R12, 1
0x03D9	0x2BD6      	GOTO       L_main5
0x03DA	0x0BFB      	DECFSZ     R11, 1
0x03DB	0x2BD6      	GOTO       L_main5
0x03DC	0x0000      	NOP
0x03DD	0x0000      	NOP
;MotorSpeed&DirectionControl.c,110 :: 		PORTB = 0;
0x03DE	0x0186      	CLRF       PORTB
;MotorSpeed&DirectionControl.c,112 :: 		INTCON.GIE = 1;
0x03DF	0x178B      	BSF        INTCON, 7
;MotorSpeed&DirectionControl.c,113 :: 		INTCON.PEIE = 1;
0x03E0	0x170B      	BSF        INTCON, 6
;MotorSpeed&DirectionControl.c,114 :: 		PIE1.RCIE=1;    //enable receive interrupt
0x03E1	0x1683      	BSF        STATUS, 5
0x03E2	0x168C      	BSF        PIE1, 5
;MotorSpeed&DirectionControl.c,116 :: 		UART1_Init(9600);
0x03E3	0x3019      	MOVLW      25
0x03E4	0x0099      	MOVWF      SPBRG
0x03E5	0x1518      	BSF        TXSTA, 2
0x03E6	0x239E      	CALL       _UART1_Init
;MotorSpeed&DirectionControl.c,117 :: 		Delay_ms(100);
0x03E7	0x3082      	MOVLW      130
0x03E8	0x00FC      	MOVWF      R12
0x03E9	0x30DD      	MOVLW      221
0x03EA	0x00FD      	MOVWF      R13
L_main6:
0x03EB	0x0BFD      	DECFSZ     R13, 1
0x03EC	0x2BEB      	GOTO       L_main6
0x03ED	0x0BFC      	DECFSZ     R12, 1
0x03EE	0x2BEB      	GOTO       L_main6
0x03EF	0x0000      	NOP
0x03F0	0x0000      	NOP
;MotorSpeed&DirectionControl.c,119 :: 		PWM1_Init(5000);
0x03F1	0x1012      	BCF        T2CON, 0
0x03F2	0x1092      	BCF        T2CON, 1
0x03F3	0x30C7      	MOVLW      199
0x03F4	0x1683      	BSF        STATUS, 5
0x03F5	0x0092      	MOVWF      PR2
0x03F6	0x2398      	CALL       _PWM1_Init
;MotorSpeed&DirectionControl.c,120 :: 		PWM1_Start();
0x03F7	0x2384      	CALL       _PWM1_Start
;MotorSpeed&DirectionControl.c,121 :: 		PWM1_Set_Duty(0);
0x03F8	0x1683      	BSF        STATUS, 5
0x03F9	0x01A7      	CLRF       FARG_PWM1_Set_Duty_new_duty
0x03FA	0x2314      	CALL       _PWM1_Set_Duty
;MotorSpeed&DirectionControl.c,124 :: 		do {
L_main7:
;MotorSpeed&DirectionControl.c,125 :: 		if(counter > 10){
0x03FB	0x3080      	MOVLW      128
0x03FC	0x00F0      	MOVWF      R0
0x03FD	0x3080      	MOVLW      128
0x03FE	0x062A      	XORWF      _counter+1, 0
0x03FF	0x0270      	SUBWF      R0, 0
0x0400	0x1D03      	BTFSS      STATUS, 2
0x0401	0x2C04      	GOTO       L__main18
0x0402	0x0829      	MOVF       _counter, 0
0x0403	0x3C0A      	SUBLW      10
L__main18:
0x0404	0x1803      	BTFSC      STATUS, 0
0x0405	0x2C5A      	GOTO       L_main10
;MotorSpeed&DirectionControl.c,127 :: 		Ow_Reset(&PORTE, 2);                         // Onewire reset signal
0x0406	0x3009      	MOVLW      PORTE
0x0407	0x1683      	BSF        STATUS, 5
0x0408	0x00A7      	MOVWF      FARG_Ow_Reset_port
0x0409	0x3002      	MOVLW      2
0x040A	0x00A8      	MOVWF      FARG_Ow_Reset_pin
0x040B	0x22E8      	CALL       _Ow_Reset
;MotorSpeed&DirectionControl.c,128 :: 		Ow_Write(&PORTE, 2, 0xCC);                   // Issue command SKIP_ROM
0x040C	0x3009      	MOVLW      PORTE
0x040D	0x00A7      	MOVWF      FARG_Ow_Write_port
0x040E	0x3002      	MOVLW      2
0x040F	0x00A8      	MOVWF      FARG_Ow_Write_pin
0x0410	0x30CC      	MOVLW      204
0x0411	0x00A9      	MOVWF      FARG_Ow_Write_data_
0x0412	0x234D      	CALL       _Ow_Write
;MotorSpeed&DirectionControl.c,129 :: 		Ow_Write(&PORTE, 2, 0x44);                   // Issue command CONVERT_T
0x0413	0x3009      	MOVLW      PORTE
0x0414	0x1683      	BSF        STATUS, 5
0x0415	0x00A7      	MOVWF      FARG_Ow_Write_port
0x0416	0x3002      	MOVLW      2
0x0417	0x00A8      	MOVWF      FARG_Ow_Write_pin
0x0418	0x3044      	MOVLW      68
0x0419	0x00A9      	MOVWF      FARG_Ow_Write_data_
0x041A	0x234D      	CALL       _Ow_Write
;MotorSpeed&DirectionControl.c,130 :: 		Delay_us(120);
0x041B	0x3027      	MOVLW      39
0x041C	0x00FD      	MOVWF      R13
L_main11:
0x041D	0x0BFD      	DECFSZ     R13, 1
0x041E	0x2C1D      	GOTO       L_main11
0x041F	0x0000      	NOP
0x0420	0x0000      	NOP
;MotorSpeed&DirectionControl.c,132 :: 		Ow_Reset(&PORTE, 2);
0x0421	0x3009      	MOVLW      PORTE
0x0422	0x1683      	BSF        STATUS, 5
0x0423	0x00A7      	MOVWF      FARG_Ow_Reset_port
0x0424	0x3002      	MOVLW      2
0x0425	0x00A8      	MOVWF      FARG_Ow_Reset_pin
0x0426	0x22E8      	CALL       _Ow_Reset
;MotorSpeed&DirectionControl.c,133 :: 		Ow_Write(&PORTE, 2, 0xCC);                   // Issue command SKIP_ROM
0x0427	0x3009      	MOVLW      PORTE
0x0428	0x00A7      	MOVWF      FARG_Ow_Write_port
0x0429	0x3002      	MOVLW      2
0x042A	0x00A8      	MOVWF      FARG_Ow_Write_pin
0x042B	0x30CC      	MOVLW      204
0x042C	0x00A9      	MOVWF      FARG_Ow_Write_data_
0x042D	0x234D      	CALL       _Ow_Write
;MotorSpeed&DirectionControl.c,134 :: 		Ow_Write(&PORTE, 2, 0xBE);                   // Issue command READ_SCRATCHPAD
0x042E	0x3009      	MOVLW      PORTE
0x042F	0x1683      	BSF        STATUS, 5
0x0430	0x00A7      	MOVWF      FARG_Ow_Write_port
0x0431	0x3002      	MOVLW      2
0x0432	0x00A8      	MOVWF      FARG_Ow_Write_pin
0x0433	0x30BE      	MOVLW      190
0x0434	0x00A9      	MOVWF      FARG_Ow_Write_data_
0x0435	0x234D      	CALL       _Ow_Write
;MotorSpeed&DirectionControl.c,136 :: 		temp =  Ow_Read(&PORTE, 2);
0x0436	0x3009      	MOVLW      PORTE
0x0437	0x1683      	BSF        STATUS, 5
0x0438	0x00A7      	MOVWF      FARG_Ow_Read_port
0x0439	0x3002      	MOVLW      2
0x043A	0x00A8      	MOVWF      FARG_Ow_Read_pin
0x043B	0x22AB      	CALL       _Ow_Read
0x043C	0x0870      	MOVF       R0, 0
0x043D	0x00A3      	MOVWF      _temp
0x043E	0x01A4      	CLRF       _temp+1
;MotorSpeed&DirectionControl.c,137 :: 		temp = (Ow_Read(&PORTE, 2) << 8) + temp;
0x043F	0x3009      	MOVLW      PORTE
0x0440	0x00A7      	MOVWF      FARG_Ow_Read_port
0x0441	0x3002      	MOVLW      2
0x0442	0x00A8      	MOVWF      FARG_Ow_Read_pin
0x0443	0x22AB      	CALL       _Ow_Read
0x0444	0x0870      	MOVF       R0, 0
0x0445	0x00F3      	MOVWF      R2+1
0x0446	0x01F2      	CLRF       R2
0x0447	0x0823      	MOVF       _temp, 0
0x0448	0x0772      	ADDWF      R2, 0
0x0449	0x00F0      	MOVWF      R0
0x044A	0x0873      	MOVF       R2+1, 0
0x044B	0x1803      	BTFSC      STATUS, 0
0x044C	0x3E01      	ADDLW      1
0x044D	0x0724      	ADDWF      _temp+1, 0
0x044E	0x00F1      	MOVWF      R0+1
0x044F	0x0870      	MOVF       R0, 0
0x0450	0x00A3      	MOVWF      _temp
0x0451	0x0871      	MOVF       R0+1, 0
0x0452	0x00A4      	MOVWF      _temp+1
;MotorSpeed&DirectionControl.c,139 :: 		Display_Temperature(temp);
0x0453	0x0870      	MOVF       R0, 0
0x0454	0x00A7      	MOVWF      FARG_Display_Temperature_temp2write
0x0455	0x0871      	MOVF       R0+1, 0
0x0456	0x00A8      	MOVWF      FARG_Display_Temperature_temp2write+1
0x0457	0x218B      	CALL       _Display_Temperature
;MotorSpeed&DirectionControl.c,140 :: 		counter = 0;
0x0458	0x01A9      	CLRF       _counter
0x0459	0x01AA      	CLRF       _counter+1
;MotorSpeed&DirectionControl.c,141 :: 		}
L_main10:
;MotorSpeed&DirectionControl.c,142 :: 		counter = counter + 1;
0x045A	0x0AA9      	INCF       _counter, 1
0x045B	0x1903      	BTFSC      STATUS, 2
0x045C	0x0AAA      	INCF       _counter+1, 1
;MotorSpeed&DirectionControl.c,143 :: 		PWM1_Set_Duty(pwm);
0x045D	0x0826      	MOVF       _pwm, 0
0x045E	0x1683      	BSF        STATUS, 5
0x045F	0x00A7      	MOVWF      FARG_PWM1_Set_Duty_new_duty
0x0460	0x2314      	CALL       _PWM1_Set_Duty
;MotorSpeed&DirectionControl.c,145 :: 		asm CLRWDT;
0x0461	0x0064      	CLRWDT
;MotorSpeed&DirectionControl.c,146 :: 		} while (1);
0x0462	0x2BFB      	GOTO       L_main7
;MotorSpeed&DirectionControl.c,147 :: 		}
L_end_main:
0x0463	0x2C63      	GOTO       $+0
; end of _main
0x04B6	0x3023      	MOVLW      35
0x04B7	0x0084      	MOVWF      FSR
0x04B8	0x304D      	MOVLW      77
0x04B9	0x1283      	BCF        STATUS, 5
0x04BA	0x1303      	BCF        STATUS, 6
0x04BB	0x00F0      	MOVWF      R0
0x04BC	0x3069      	MOVLW      105
0x04BD	0x1683      	BSF        STATUS, 5
0x04BE	0x00A0      	MOVWF      ___DoICPAddr
0x04BF	0x3004      	MOVLW      4
0x04C0	0x00A1      	MOVWF      161
0x04C1	0x238C      	CALL       908
0x04C2	0x0008      	RETURN
;MotorSpeed&DirectionControl.c,0 :: ?ICS_fr
0x0469	0x3467 ;?ICS_fr+0
; end of ?ICS_fr
;MotorSpeed&DirectionControl.c,0 :: ?ICS_whole
0x046A	0x344C ;?ICS_whole+0
; end of ?ICS_whole
;MotorSpeed&DirectionControl.c,0 :: ?ICS_strPwm
0x046B	0x345E ;?ICS_strPwm+0
; end of ?ICS_strPwm
;MotorSpeed&DirectionControl.c,0 :: ?ICS_pwm
0x046C	0x3400 ;?ICS_pwm+0
0x046D	0x3400 ;?ICS_pwm+1
; end of ?ICS_pwm
;MotorSpeed&DirectionControl.c,0 :: ?ICS_text
0x046E	0x3455 ;?ICS_text+0
; end of ?ICS_text
;MotorSpeed&DirectionControl.c,0 :: ?ICS_counter
0x046F	0x3400 ;?ICS_counter+0
0x0470	0x3400 ;?ICS_counter+1
; end of ?ICS_counter
;MotorSpeed&DirectionControl.c,0 :: ?ICS?lstr6_MotorSpeed&DirectionControl
0x0471	0x3422 ;?ICS?lstr6_MotorSpeed&DirectionControl+0
0x0472	0x342C ;?ICS?lstr6_MotorSpeed&DirectionControl+1
0x0473	0x3422 ;?ICS?lstr6_MotorSpeed&DirectionControl+2
0x0474	0x3450 ;?ICS?lstr6_MotorSpeed&DirectionControl+3
0x0475	0x3457 ;?ICS?lstr6_MotorSpeed&DirectionControl+4
0x0476	0x344D ;?ICS?lstr6_MotorSpeed&DirectionControl+5
0x0477	0x3444 ;?ICS?lstr6_MotorSpeed&DirectionControl+6
0x0478	0x3475 ;?ICS?lstr6_MotorSpeed&DirectionControl+7
0x0479	0x3474 ;?ICS?lstr6_MotorSpeed&DirectionControl+8
0x047A	0x3479 ;?ICS?lstr6_MotorSpeed&DirectionControl+9
0x047B	0x3422 ;?ICS?lstr6_MotorSpeed&DirectionControl+10
0x047C	0x343A ;?ICS?lstr6_MotorSpeed&DirectionControl+11
0x047D	0x3422 ;?ICS?lstr6_MotorSpeed&DirectionControl+12
0x047E	0x3400 ;?ICS?lstr6_MotorSpeed&DirectionControl+13
; end of ?ICS?lstr6_MotorSpeed&DirectionControl
;MotorSpeed&DirectionControl.c,0 :: ?ICS?lstr5_MotorSpeed&DirectionControl
0x047F	0x347B ;?ICS?lstr5_MotorSpeed&DirectionControl+0
0x0480	0x3422 ;?ICS?lstr5_MotorSpeed&DirectionControl+1
0x0481	0x3454 ;?ICS?lstr5_MotorSpeed&DirectionControl+2
0x0482	0x3465 ;?ICS?lstr5_MotorSpeed&DirectionControl+3
0x0483	0x346D ;?ICS?lstr5_MotorSpeed&DirectionControl+4
0x0484	0x3470 ;?ICS?lstr5_MotorSpeed&DirectionControl+5
0x0485	0x3472 ;?ICS?lstr5_MotorSpeed&DirectionControl+6
0x0486	0x3461 ;?ICS?lstr5_MotorSpeed&DirectionControl+7
0x0487	0x3474 ;?ICS?lstr5_MotorSpeed&DirectionControl+8
0x0488	0x3475 ;?ICS?lstr5_MotorSpeed&DirectionControl+9
0x0489	0x3472 ;?ICS?lstr5_MotorSpeed&DirectionControl+10
0x048A	0x3465 ;?ICS?lstr5_MotorSpeed&DirectionControl+11
0x048B	0x3422 ;?ICS?lstr5_MotorSpeed&DirectionControl+12
0x048C	0x343A ;?ICS?lstr5_MotorSpeed&DirectionControl+13
0x048D	0x3422 ;?ICS?lstr5_MotorSpeed&DirectionControl+14
0x048E	0x3400 ;?ICS?lstr5_MotorSpeed&DirectionControl+15
; end of ?ICS?lstr5_MotorSpeed&DirectionControl
;MotorSpeed&DirectionControl.c,0 :: ?ICS?lstr7_MotorSpeed&DirectionControl
0x048F	0x3422 ;?ICS?lstr7_MotorSpeed&DirectionControl+0
0x0490	0x347D ;?ICS?lstr7_MotorSpeed&DirectionControl+1
0x0491	0x3400 ;?ICS?lstr7_MotorSpeed&DirectionControl+2
; end of ?ICS?lstr7_MotorSpeed&DirectionControl
;MotorSpeed&DirectionControl.c,0 :: ?ICS?lstr2_MotorSpeed&DirectionControl
0x0492	0x3430 ;?ICS?lstr2_MotorSpeed&DirectionControl+0
0x0493	0x3430 ;?ICS?lstr2_MotorSpeed&DirectionControl+1
0x0494	0x3430 ;?ICS?lstr2_MotorSpeed&DirectionControl+2
0x0495	0x342E ;?ICS?lstr2_MotorSpeed&DirectionControl+3
0x0496	0x3430 ;?ICS?lstr2_MotorSpeed&DirectionControl+4
0x0497	0x3430 ;?ICS?lstr2_MotorSpeed&DirectionControl+5
0x0498	0x3430 ;?ICS?lstr2_MotorSpeed&DirectionControl+6
0x0499	0x3430 ;?ICS?lstr2_MotorSpeed&DirectionControl+7
0x049A	0x3400 ;?ICS?lstr2_MotorSpeed&DirectionControl+8
; end of ?ICS?lstr2_MotorSpeed&DirectionControl
;MotorSpeed&DirectionControl.c,0 :: ?ICS?lstr1_MotorSpeed&DirectionControl
0x049B	0x3430 ;?ICS?lstr1_MotorSpeed&DirectionControl+0
0x049C	0x3430 ;?ICS?lstr1_MotorSpeed&DirectionControl+1
0x049D	0x3430 ;?ICS?lstr1_MotorSpeed&DirectionControl+2
0x049E	0x342E ;?ICS?lstr1_MotorSpeed&DirectionControl+3
0x049F	0x3430 ;?ICS?lstr1_MotorSpeed&DirectionControl+4
0x04A0	0x3430 ;?ICS?lstr1_MotorSpeed&DirectionControl+5
0x04A1	0x3430 ;?ICS?lstr1_MotorSpeed&DirectionControl+6
0x04A2	0x3430 ;?ICS?lstr1_MotorSpeed&DirectionControl+7
0x04A3	0x3400 ;?ICS?lstr1_MotorSpeed&DirectionControl+8
; end of ?ICS?lstr1_MotorSpeed&DirectionControl
;MotorSpeed&DirectionControl.c,0 :: ?ICS?lstr4_MotorSpeed&DirectionControl
0x04A4	0x3430 ;?ICS?lstr4_MotorSpeed&DirectionControl+0
0x04A5	0x3430 ;?ICS?lstr4_MotorSpeed&DirectionControl+1
0x04A6	0x3430 ;?ICS?lstr4_MotorSpeed&DirectionControl+2
0x04A7	0x342E ;?ICS?lstr4_MotorSpeed&DirectionControl+3
0x04A8	0x3430 ;?ICS?lstr4_MotorSpeed&DirectionControl+4
0x04A9	0x3430 ;?ICS?lstr4_MotorSpeed&DirectionControl+5
0x04AA	0x3430 ;?ICS?lstr4_MotorSpeed&DirectionControl+6
0x04AB	0x3430 ;?ICS?lstr4_MotorSpeed&DirectionControl+7
0x04AC	0x3400 ;?ICS?lstr4_MotorSpeed&DirectionControl+8
; end of ?ICS?lstr4_MotorSpeed&DirectionControl
;MotorSpeed&DirectionControl.c,0 :: ?ICS?lstr3_MotorSpeed&DirectionControl
0x04AD	0x3430 ;?ICS?lstr3_MotorSpeed&DirectionControl+0
0x04AE	0x3430 ;?ICS?lstr3_MotorSpeed&DirectionControl+1
0x04AF	0x3430 ;?ICS?lstr3_MotorSpeed&DirectionControl+2
0x04B0	0x342E ;?ICS?lstr3_MotorSpeed&DirectionControl+3
0x04B1	0x3430 ;?ICS?lstr3_MotorSpeed&DirectionControl+4
0x04B2	0x3430 ;?ICS?lstr3_MotorSpeed&DirectionControl+5
0x04B3	0x3430 ;?ICS?lstr3_MotorSpeed&DirectionControl+6
0x04B4	0x3430 ;?ICS?lstr3_MotorSpeed&DirectionControl+7
0x04B5	0x3400 ;?ICS?lstr3_MotorSpeed&DirectionControl+8
; end of ?ICS?lstr3_MotorSpeed&DirectionControl
Symbol List:
//** Routines locations **
//ADDRESS    SIZE    PROCEDURE
//----------------------------------------------
0x0004      [62]    _Interrupt
0x0042      [29]    _Div_16x16_U
0x005F      [10]    _UART1_Write
0x0069      [66]    _WordToStr
0x00AB      [23]    _UART1_Write_Text
0x00C2     [106]    _IntToStr
0x012C       [9]    _Delay_500us
0x0135       [2]    _Delay_1us
0x0137      [17]    _Div_8x8_U
0x0148      [43]    _Mul_16x16_U
0x0173       [8]    _Delay_50us
0x017B       [9]    _Delay_80us
0x0184       [7]    _____DoICP
0x018B     [288]    _Display_Temperature
0x02AB      [61]    _Ow_Read
0x02E8      [44]    _Ow_Reset
0x0314      [57]    _PWM1_Set_Duty
0x034D      [55]    _Ow_Write
0x0384       [8]    _PWM1_Start
0x038C      [12]    ___CC2DW
0x0398       [6]    _PWM1_Init
0x039E      [16]    _UART1_Init
0x03AE      [11]    _UART1_Read
0x03B9     [170]    _main
//** Variables locations ** 
//ADDRESS    SIZE    VARIABLE
//----------------------------------------------
0x0000       [1]    INDF
0x0002       [1]    PCL
0x0003       [1]    STATUS
0x0004       [1]    FSR
0x0006       [1]    PORTB
0x0007       [1]    PORTC
0x0008       [1]    PORTD
0x0009       [1]    PORTE
0x000A       [1]    PCLATH
0x000B       [1]    INTCON
0x000C       [1]    PIR1
0x0012       [1]    T2CON
0x0015       [1]    CCPR1L
0x0017       [1]    CCP1CON
0x0018       [1]    RCSTA
0x0019       [1]    TXREG
0x001A       [1]    RCREG
0x0023       [1]    _fr
0x0024       [1]    _whole
0x0025       [1]    _strPwm
0x0026       [2]    _pwm
0x0028       [1]    _text
0x0029       [2]    _counter
0x002B      [14]    ?lstr6_MotorSpeed&DirectionControl
0x0039      [16]    ?lstr5_MotorSpeed&DirectionControl
0x0049       [3]    ?lstr7_MotorSpeed&DirectionControl
0x004C       [9]    ?lstr2_MotorSpeed&DirectionControl
0x0055       [9]    ?lstr1_MotorSpeed&DirectionControl
0x005E       [9]    ?lstr4_MotorSpeed&DirectionControl
0x0067       [9]    ?lstr3_MotorSpeed&DirectionControl
0x0070       [1]    R0
0x0071       [1]    R1
0x0072       [1]    R2
0x0073       [1]    R3
0x0074       [1]    R4
0x0075       [1]    R5
0x0076       [1]    R6
0x0077       [1]    R7
0x0078       [1]    R8
0x0079       [1]    R9
0x007A       [1]    R10
0x007B       [1]    R11
0x007C       [1]    R12
0x007D       [1]    R13
0x007E       [1]    R14
0x007F       [1]    R15
0x0086       [1]    TRISB
0x0087       [0]    TRISC7_bit
0x0087       [0]    TRISC6_bit
0x0087       [1]    TRISC
0x0087       [0]    TRISC2_bit
0x0088       [1]    TRISD
0x008C       [1]    PIE1
0x0092       [1]    PR2
0x0098       [1]    TXSTA
0x0099       [1]    SPBRG
0x009A       [1]    SPBRGH
0x00A0       [2]    ___DoICPAddr
0x00A2       [1]    _uart_rd
0x00A3       [2]    _temp
0x00A5       [1]    ___savePCLATH
0x00A6       [1]    ___saveSTATUS
0x00A7       [4]    FARG_PWM1_Init_PWM_Freq
0x00A7       [1]    FARG_Ow_Read_port
0x00A7       [2]    FARG_Display_Temperature_temp2write
0x00A7       [1]    FARG_Ow_Write_port
0x00A7       [1]    FARG_PWM1_Set_Duty_new_duty
0x00A7       [1]    FARG_Ow_Reset_port
0x00A8       [1]    FARG_Ow_Write_pin
0x00A8       [1]    FARG_Ow_Reset_pin
0x00A8       [1]    FARG_Ow_Read_pin
0x00A9       [1]    Display_Temperature_temp_whole_L0
0x00A9       [1]    Ow_Read_i_L0
0x00A9       [1]    FARG_Ow_Write_data_
0x00A9       [1]    Ow_Reset_res_L0
0x00AA       [2]    Display_Temperature_temp_fraction_L0
0x00AA       [1]    Ow_Write_i_L0
0x00AA       [1]    Ow_Read_tmp_L0
0x00AA       [1]    Ow_Reset_bit_mask_1_L0
0x00AB       [1]    Ow_Read_bit_mask_0_L0
0x00AB       [1]    Ow_Write_bit_mask_0_L0
0x00AC       [1]    Ow_Write_bit_mask_1_L0
0x00AC       [1]    FLOC__Display_Temperature
0x00AC       [1]    Ow_Read_bit_mask_1_L0
0x00AD       [2]    FARG_IntToStr_input
0x00AD       [1]    FARG_UART1_Write_Text_uart_text
0x00AE       [1]    UART1_Write_Text_data__L0
0x00AF       [1]    FARG_IntToStr_output
0x00AF       [1]    UART1_Write_Text_counter_L0
0x00B0       [2]    IntToStr_i_L0
0x00B2       [2]    IntToStr_negative_L0
0x00B4       [2]    IntToStr_inword_L0
0x00B6       [1]    FARG_UART1_Write_data_
0x00B6       [2]    FARG_WordToStr_input
0x00B8       [1]    FARG_WordToStr_output
0x00B9       [1]    WordToStr_len_L0
0x00BA       [1]    FLOC__WordToStr
0x0107       [0]    C1ON_bit
0x0108       [0]    C2ON_bit
0x0188       [1]    ANSEL
0x0189       [1]    ANSELH
//** Constants locations ** 
//ADDRESS    SIZE    CONSTANT
//----------------------------------------------
0x0469       [1]    ?ICS_fr
0x046A       [1]    ?ICS_whole
0x046B       [1]    ?ICS_strPwm
0x046C       [2]    ?ICS_pwm
0x046E       [1]    ?ICS_text
0x046F       [2]    ?ICS_counter
0x0471      [14]    ?ICS?lstr6_MotorSpeed&DirectionControl
0x047F      [16]    ?ICS?lstr5_MotorSpeed&DirectionControl
0x048F       [3]    ?ICS?lstr7_MotorSpeed&DirectionControl
0x0492       [9]    ?ICS?lstr2_MotorSpeed&DirectionControl
0x049B       [9]    ?ICS?lstr1_MotorSpeed&DirectionControl
0x04A4       [9]    ?ICS?lstr4_MotorSpeed&DirectionControl
0x04AD       [9]    ?ICS?lstr3_MotorSpeed&DirectionControl
//** Label List: ** 
//----------------------------------------------
  L_Display_Temperature0
  L_Display_Temperature1
  L_Display_Temperature2
  L_Display_Temperature3
  L_Interrupt4
  L_main5
  L_main6
  L_main7
  L_main8
  L_main9
  L_main10
  L_main11
  L_end_Display_Temperature
  _Display_Temperature
  L_end_Interrupt
  _Interrupt
  L__Interrupt14
  L__Interrupt15
  L__Interrupt16
  L_end_main
  _main
  L__main18
  L_ByteToStr0
  L_ByteToStr1
  L_ByteToStr2
  L_ByteToStr3
  L_ByteToStr4
  L_ByteToStr5
  L_WordToStr6
  L_WordToStr7
  L_WordToStr8
  L_WordToStr9
  L_WordToStr10
  L_WordToStr11
  L_WordToStrWithZeros12
  L_WordToStrWithZeros13
  L_WordToStrWithZeros14
  L_WordToStrWithZeros15
  L_WordToStrWithZeros16
  L_ShortToStr17
  L_ShortToStr18
  L_ShortToStr19
  L_ShortToStr20
  L_ShortToStr21
  L_ShortToStr22
  L_IntToStr23
  L_IntToStr24
  L_IntToStr25
  L_IntToStr26
  L_IntToStr27
  L_IntToStr28
  L_IntToStrWithZeros29
  L_IntToStrWithZeros30
  L_IntToStrWithZeros31
  L_IntToStrWithZeros32
  L_IntToStrWithZeros33
  L_IntToStrWithZeros34
  L_IntToStrWithZeros35
  L_IntToStrWithZeros36
  L_IntToStrWithZeros37
  L_LongWordToStr38
  L_LongWordToStr39
  L_LongWordToStr40
  L_LongWordToStr41
  L_LongWordToStr42
  L_LongWordToStr43
  L_LongWordToStrWithZeros44
  L_LongWordToStrWithZeros45
  L_LongWordToStrWithZeros46
  L_LongWordToStrWithZeros47
  L_LongWordToStrWithZeros48
  L_LongToStr49
  L_LongToStr50
  L_LongToStr51
  L_LongToStr52
  L_LongToStr53
  L_LongToStr54
  L_LongIntToStrWithZeros55
  L_LongIntToStrWithZeros56
  L_LongIntToStrWithZeros57
  L_LongIntToStrWithZeros58
  L_LongIntToStrWithZeros59
  L_LongIntToStrWithZeros60
  L_LongIntToStrWithZeros61
  L_LongIntToStrWithZeros62
  L_LongIntToStrWithZeros63
  L_Dec2Bcd64
  L_Dec2Bcd65
  L_Rtrim66
  L_Rtrim67
  L_Rtrim68
  L_Rtrim69
  L_Ltrim70
  L_Ltrim71
  L_Ltrim72
  L_Ltrim73
  L_Ltrim74
  L_Ltrim75
  L_FloatToStr76
  L_FloatToStr77
  L_FloatToStr78
  L_FloatToStr79
  L_FloatToStr80
  L_FloatToStr81
  L_FloatToStr82
  L_FloatToStr83
  L_FloatToStr84
  L_FloatToStr85
  L_FloatToStr86
  L_FloatToStr87
  L_FloatToStr88
  L_FloatToStr89
  L_FloatToStr90
  L_FloatToStr91
  L_FloatToStr92
  L_FloatToStr93
  L_FloatToStr94
  L_FloatToStr95
  L_FloatToStr96
  L_FloatToStr97
  L__Rtrim98
  L__Ltrim99
  L__FloatToStr100
  L_end_ByteToHex
  _ByteToHex
  L_end_ShortToHex
  _ShortToHex
  L_end_WordToHex
  _WordToHex
  L_end_IntToHex
  _IntToHex
  L_end_LongWordToHex
  _LongWordToHex
  L_end_LongIntToHex
  _LongIntToHex
  L_end_ByteToStr
  _ByteToStr
  L_end_WordToStr
  _WordToStr
  L__WordToStr109
  L_end_WordToStrWithZeros
  _WordToStrWithZeros
  L__WordToStrWithZeros111
  L_end_ShortToStr
  _ShortToStr
  L__ShortToStr113
  L_end_IntToStr
  _IntToStr
  L__IntToStr115
  L__IntToStr116
  L_end_IntToStrWithZeros
  _IntToStrWithZeros
  L__IntToStrWithZeros118
  L__IntToStrWithZeros119
  L__IntToStrWithZeros120
  L_end_LongWordToStr
  _LongWordToStr
  L__LongWordToStr122
  L__LongWordToStr123
  L_end_LongWordToStrWithZeros
  _LongWordToStrWithZeros
  L__LongWordToStrWithZeros125
  L_end_LongToStr
  _LongToStr
  L__LongToStr127
  L__LongToStr128
  L_end_LongIntToStrWithZeros
  _LongIntToStrWithZeros
  L__LongIntToStrWithZeros130
  L__LongIntToStrWithZeros131
  L__LongIntToStrWithZeros132
  L_end_Dec2Bcd
  _Dec2Bcd
  L_end_Bcd2Dec
  _Bcd2Dec
  L_end_Bcd2Dec16
  _Bcd2Dec16
  L__Bcd2Dec16136
  L__Bcd2Dec16137
  L_end_Dec2Bcd16
  _Dec2Bcd16
  L__Dec2Bcd16139
  L__Dec2Bcd16140
  L_end_Rtrim
  _Rtrim
  L_end_Ltrim
  _Ltrim
  L_end_FloatToStr
  _FloatToStr
  L__FloatToStr144
  L__FloatToStr145
  L__FloatToStr146
  L__FloatToStr147
  L__FloatToStr148
  L_Delay_10us0
  L_Delay_22us1
  L_Delay_50us2
  L_Delay_80us3
  L_Delay_500us4
  L_Delay_5500us5
  L_Delay_1ms6
  L_Delay_5ms7
  L_Delay_8ms8
  L_Delay_10ms9
  L_Delay_100ms10
  L_Delay_1sec11
  L_boot16_Delay_5ms12
  L_Delay_Cyc13
  L_Delay_Cyc14
  L_VDelay_ms15
  L_VDelay_ms16
  L_VDelay_ms17
  L_VDelay_Advanced_ms18
  L_VDelay_Advanced_ms19
  L_VDelay_Advanced_ms20
  L_end_Get_Fosc_kHz
  _Get_Fosc_kHz
  L_end_Delay_1us
  _Delay_1us
  L_end_Delay_10us
  _Delay_10us
  L_end_Delay_22us
  _Delay_22us
  L_end_Delay_50us
  _Delay_50us
  L_end_Delay_80us
  _Delay_80us
  L_end_Delay_500us
  _Delay_500us
  L_end_Delay_5500us
  _Delay_5500us
  L_end_Delay_1ms
  _Delay_1ms
  L_end_Delay_5ms
  _Delay_5ms
  L_end_Delay_8ms
  _Delay_8ms
  L_end_Delay_10ms
  _Delay_10ms
  L_end_Delay_100ms
  _Delay_100ms
  L_end_Delay_1sec
  _Delay_1sec
  L_end_boot16_Delay_5ms
  _boot16_Delay_5ms
  L_end_Delay_Cyc
  _Delay_Cyc
  L_end_VDelay_ms
  _VDelay_ms
  L__VDelay_ms38
  L__VDelay_ms39
  L__VDelay_ms40
  L_end_VDelay_Advanced_ms
  _VDelay_Advanced_ms
  L__VDelay_Advanced_ms42
  L__VDelay_Advanced_ms43
  L__VDelay_Advanced_ms44
  L_Div_16x16_S0
  L_Div_16x16_S1
  LOOPS3232A
  SADD22LA
  SOK22LA
  SADD22L8
  SOK22L8
  LOOPS3232B
  SADD22LB
  SOK22LB
  SADD22L16
  SOK22L16
  LOOPS3232C
  SADD22LC
  SOK22LC
  SADD22L24
  SOK22L24
  LOOPS3232D
  SADD22LD
  SOK22LD
  SOK22L
  L_Div_32x32_S6
  L_Div_32x32_S7
  L_Div_32x32_S8
  L_Div_32x32_S9
  FXD3232S
  END_ALL
  CA3232S
  C3232SX
  C3232SX1
  C3232S
  C3232S2
  C3232SX4
  C3232SOK
  C3232SX3
  C3232SX2
  avoid_comfrem
  LOOPU3232A
  UADD22LA
  UOK22LA
  UADD22L8
  UOK22L8
  LOOPU3232B
  UADD22LB
  UOK22LB
  UADD22L16
  UOK22L16
  LOOPU3232C
  UADD22LC
  UOK22LC
  UADD22L24
  UOK22L24
  LOOPU3232D
  UADD22LD
  UOK22LD
  UOK22L
  _NEXT
  _EXIT2
  _LOOP
  _EXIT1
  _IF_FIRST
  _IF_SECOND
  _INVERCE_FIRST
  _MULT
  _INBERSE_SECOND
  _EXIT
  L_end_Mul_8x8_U
  _Mul_8x8_U
  L_end_Mul_16x16_U
  _Mul_16x16_U
  L_end_Div_8x8_U
  _Div_8x8_U
  L_end_Div_16x16_U
  _Div_16x16_U
  L_end_Mul_8x8_S
  _Mul_8x8_S
  L_end_Mul_16x16_S
  _Mul_16x16_S
  L_end_Div_16x16_S_L
  _Div_16x16_S_L
  L_end_Div_16x16_S
  _Div_16x16_S
  L_end_Div_8x8_S
  _Div_8x8_S
  L_end_SDIV3232L
  _SDIV3232L
  L_end_COMFREM
  _COMFREM
  L_end_Div_32x32_S
  _Div_32x32_S
  L_end_Div_32x32_U
  _Div_32x32_U
  L_end_Mul_32x32_U
  _Mul_32x32_U
  L_end_Mul_32x32_S
  _Mul_32x32_S
  L_Ow_Read0
  L_Ow_Read1
  L_Ow_Read2
  L_Ow_Read3
  L_Ow_Write4
  L_Ow_Write5
  L_Ow_Write6
  L_Ow_Write7
  L_end_Ow_Reset
  _Ow_Reset
  L__Ow_Reset9
  L__Ow_Reset10
  L_end_Ow_Read
  _Ow_Read
  L__Ow_Read12
  L__Ow_Read13
  L__Ow_Read14
  L__Ow_Read15
  L_end_Ow_Write
  _Ow_Write
  L__Ow_Write17
  L__Ow_Write18
  L__Ow_Write19
  L__Ow_Write20
  L_end_PWM2_Init
  _PWM2_Init
  L_end_PWM2_Set_Duty
  _PWM2_Set_Duty
  L__PWM2_Set_Duty2
  L__PWM2_Set_Duty3
  L__PWM2_Set_Duty4
  L__PWM2_Set_Duty5
  L_end_PWM2_Start
  _PWM2_Start
  L_end_PWM2_Stop
  _PWM2_Stop
  L_end_PWM1_Init
  _PWM1_Init
  L_end_PWM1_Set_Duty
  _PWM1_Set_Duty
  L__PWM1_Set_Duty10
  L__PWM1_Set_Duty11
  L__PWM1_Set_Duty12
  L__PWM1_Set_Duty13
  L_end_PWM1_Start
  _PWM1_Start
  L_end_PWM1_Stop
  _PWM1_Stop
  L_loopCA2AWs
  L_CA2AWend
  _CCA2AW_Loop1
  L_loopCS2Ss
  L_CS2Send
  _CCS2S_Loop1
  L_CCS2Send
  L_loopFZinSWs
  L_FZinSend
  _CC2D_Loop1
  L_end_____DoICP
  _____DoICP
  L_end_____DoIFC
  _____DoIFC
  L_end___CA2AW
  ___CA2AW
  L_end___CCA2AW
  ___CCA2AW
  L_end___CS2S
  ___CS2S
  L_end___CCS2S
  ___CCS2S
  L_end___FZinS
  ___FZinS
  L_end___CC2DW
  ___CC2DW
  L_end_Swap
  _Swap
  L_UART1_Init0
  L_UART1_Init1
  L_UART1_Read2
  L_UART1_Write3
  L_UART1_Write4
  L_UART1_Write_Text5
  L_UART1_Write_Text6
  L_UART1_Read_Text7
  L_UART1_Read_Text8
  L_UART1_Read_Text9
  L_UART1_Read_Text10
  L_UART1_Read_Text11
  L_UART1_Read_Text12
  L_UART1_Read_Text13
  L_UART1_Read_Text14
  L_UART1_Read_Text15
  L_end_UART1_Init
  _UART1_Init
  L_end_UART1_Data_Ready
  _UART1_Data_Ready
  L_end_UART1_Read
  _UART1_Read
  L_end_UART1_Tx_Idle
  _UART1_Tx_Idle
  L_end_UART1_Write
  _UART1_Write
  L_end_UART1_Write_Text
  _UART1_Write_Text
  L_end_UART1_Read_Text
  _UART1_Read_Text
  L_Display_Temperature0
  L_Display_Temperature1
  L_Display_Temperature2
  L_Display_Temperature3
  L_Interrupt4
  L_main5
  L_main6
  L_main7
  L_main8
  L_main9
  L_main10
  L_main11
  L_end_Display_Temperature
  _Display_Temperature
  L_end_Interrupt
  _Interrupt
  L__Interrupt14
  L__Interrupt15
  L__Interrupt16
  L_end_main
  _main
  L__main18
  L_UART1_Init0
  L_UART1_Init1
  L_UART1_Read2
  L_UART1_Write3
  L_UART1_Write4
  L_UART1_Write_Text5
  L_UART1_Write_Text6
  L_UART1_Read_Text7
  L_UART1_Read_Text8
  L_UART1_Read_Text9
  L_UART1_Read_Text10
  L_UART1_Read_Text11
  L_UART1_Read_Text12
  L_UART1_Read_Text13
  L_UART1_Read_Text14
  L_UART1_Read_Text15
  L_end_UART1_Init
  _UART1_Init
  L_end_UART1_Data_Ready
  _UART1_Data_Ready
  L_end_UART1_Read
  _UART1_Read
  L_end_UART1_Tx_Idle
  _UART1_Tx_Idle
  L_end_UART1_Write
  _UART1_Write
  L_end_UART1_Write_Text
  _UART1_Write_Text
  L_end_UART1_Read_Text
  _UART1_Read_Text
